The system is: Linux - 4.18.0-348.7.1.el8_5.x86_64 - x86_64
Compiling the C compiler identification source file "CMakeCCompilerId.c" succeeded.
Compiler: /home/ronak/dyninst-experiments/spack/opt/spack/linux-centos8-zen/gcc-8.5.0/gcc-10.2.0-45e5wvvp7hrukuqzrpcdzuzkwrpo2kil/bin/gcc 
Build flags: 
Id flags:  

The output was:
0


Compilation of the C compiler identification source "CMakeCCompilerId.c" produced "a.out"

The C compiler identification is GNU, found in "/home/ronak/dyninst-experiments/KernelReorderTool/simple/build/CMakeFiles/3.20.2/CompilerIdC/a.out"

Compiling the CXX compiler identification source file "CMakeCXXCompilerId.cpp" succeeded.
Compiler: /home/ronak/dyninst-experiments/spack/opt/spack/linux-centos8-zen/gcc-8.5.0/gcc-10.2.0-45e5wvvp7hrukuqzrpcdzuzkwrpo2kil/bin/g++ 
Build flags: 
Id flags:  

The output was:
0


Compilation of the CXX compiler identification source "CMakeCXXCompilerId.cpp" produced "a.out"

The CXX compiler identification is GNU, found in "/home/ronak/dyninst-experiments/KernelReorderTool/simple/build/CMakeFiles/3.20.2/CompilerIdCXX/a.out"

Detecting C compiler ABI info compiled with the following output:
Change Dir: /home/ronak/dyninst-experiments/KernelReorderTool/simple/build/CMakeFiles/CMakeTmp

Run Build Command(s):/usr/bin/gmake -f Makefile cmTC_10a76/fast && /usr/bin/gmake  -f CMakeFiles/cmTC_10a76.dir/build.make CMakeFiles/cmTC_10a76.dir/build
gmake[1]: Entering directory '/home/ronak/dyninst-experiments/KernelReorderTool/simple/build/CMakeFiles/CMakeTmp'
Building C object CMakeFiles/cmTC_10a76.dir/CMakeCCompilerABI.c.o
/home/ronak/dyninst-experiments/spack/opt/spack/linux-centos8-zen/gcc-8.5.0/gcc-10.2.0-45e5wvvp7hrukuqzrpcdzuzkwrpo2kil/bin/gcc   -v -o CMakeFiles/cmTC_10a76.dir/CMakeCCompilerABI.c.o -c /usr/share/cmake/Modules/CMakeCCompilerABI.c
Reading specs from /home/ronak/dyninst-experiments/spack/opt/spack/linux-centos8-zen/gcc-8.5.0/gcc-10.2.0-45e5wvvp7hrukuqzrpcdzuzkwrpo2kil/lib/gcc/x86_64-pc-linux-gnu/10.2.0/specs
COLLECT_GCC=/home/ronak/dyninst-experiments/spack/opt/spack/linux-centos8-zen/gcc-8.5.0/gcc-10.2.0-45e5wvvp7hrukuqzrpcdzuzkwrpo2kil/bin/gcc
Target: x86_64-pc-linux-gnu
Configured with: /tmp/ronak/spack-stage/spack-stage-gcc-10.2.0-45e5wvvp7hrukuqzrpcdzuzkwrpo2kil/spack-src/configure --prefix=/home/ronak/dyninst-experiments/spack/opt/spack/linux-centos8-zen/gcc-8.5.0/gcc-10.2.0-45e5wvvp7hrukuqzrpcdzuzkwrpo2kil --with-pkgversion='Spack GCC' --with-bugurl=https://github.com/spack/spack/issues --disable-multilib --enable-languages=c,c++,fortran --disable-nls --disable-canonical-system-headers --with-system-zlib --with-zstd-include=/home/ronak/dyninst-experiments/spack/opt/spack/linux-centos8-zen/gcc-8.5.0/zstd-1.5.2-tsp567qnxyykerfmclyj4wcsz26latzw/include --with-zstd-lib=/home/ronak/dyninst-experiments/spack/opt/spack/linux-centos8-zen/gcc-8.5.0/zstd-1.5.2-tsp567qnxyykerfmclyj4wcsz26latzw/lib --enable-bootstrap --with-mpfr-include=/home/ronak/dyninst-experiments/spack/opt/spack/linux-centos8-zen/gcc-8.5.0/mpfr-4.1.0-f3zq6koo6vfl5ngnwftqo4fi5w5zet3p/include --with-mpfr-lib=/home/ronak/dyninst-experiments/spack/opt/spack/linux-centos8-zen/gcc-8.5.0/mpfr-4.1.0-f3zq6koo6vfl5ngnwftqo4fi5w5zet3p/lib --with-gmp-include=/home/ronak/dyninst-experiments/spack/opt/spack/linux-centos8-zen/gcc-8.5.0/gmp-6.2.1-wy2vtmjvq7e56upskuhilpno2mzwc4rc/include --with-gmp-lib=/home/ronak/dyninst-experiments/spack/opt/spack/linux-centos8-zen/gcc-8.5.0/gmp-6.2.1-wy2vtmjvq7e56upskuhilpno2mzwc4rc/lib --with-mpc-include=/home/ronak/dyninst-experiments/spack/opt/spack/linux-centos8-zen/gcc-8.5.0/mpc-1.2.1-zg7f2yjyde5hdcyir4nthxavn4yxh7fe/include --with-mpc-lib=/home/ronak/dyninst-experiments/spack/opt/spack/linux-centos8-zen/gcc-8.5.0/mpc-1.2.1-zg7f2yjyde5hdcyir4nthxavn4yxh7fe/lib --without-isl --with-stage1-ldflags='-Wl,-rpath,/home/ronak/dyninst-experiments/spack/opt/spack/linux-centos8-zen/gcc-8.5.0/gcc-10.2.0-45e5wvvp7hrukuqzrpcdzuzkwrpo2kil/lib -Wl,-rpath,/home/ronak/dyninst-experiments/spack/opt/spack/linux-centos8-zen/gcc-8.5.0/gcc-10.2.0-45e5wvvp7hrukuqzrpcdzuzkwrpo2kil/lib64 -Wl,-rpath,/home/ronak/dyninst-experiments/spack/opt/spack/linux-centos8-zen/gcc-8.5.0/gmp-6.2.1-wy2vtmjvq7e56upskuhilpno2mzwc4rc/lib -Wl,-rpath,/home/ronak/dyninst-experiments/spack/opt/spack/linux-centos8-zen/gcc-8.5.0/mpc-1.2.1-zg7f2yjyde5hdcyir4nthxavn4yxh7fe/lib -Wl,-rpath,/home/ronak/dyninst-experiments/spack/opt/spack/linux-centos8-zen/gcc-8.5.0/mpfr-4.1.0-f3zq6koo6vfl5ngnwftqo4fi5w5zet3p/lib -Wl,-rpath,/home/ronak/dyninst-experiments/spack/opt/spack/linux-centos8-zen/gcc-8.5.0/zlib-1.2.13-l4tjcws5yisqclhch5as7a7joku7elub/lib -Wl,-rpath,/home/ronak/dyninst-experiments/spack/opt/spack/linux-centos8-zen/gcc-8.5.0/zstd-1.5.2-tsp567qnxyykerfmclyj4wcsz26latzw/lib' --with-boot-ldflags='-Wl,-rpath,/home/ronak/dyninst-experiments/spack/opt/spack/linux-centos8-zen/gcc-8.5.0/gcc-10.2.0-45e5wvvp7hrukuqzrpcdzuzkwrpo2kil/lib -Wl,-rpath,/home/ronak/dyninst-experiments/spack/opt/spack/linux-centos8-zen/gcc-8.5.0/gcc-10.2.0-45e5wvvp7hrukuqzrpcdzuzkwrpo2kil/lib64 -Wl,-rpath,/home/ronak/dyninst-experiments/spack/opt/spack/linux-centos8-zen/gcc-8.5.0/gmp-6.2.1-wy2vtmjvq7e56upskuhilpno2mzwc4rc/lib -Wl,-rpath,/home/ronak/dyninst-experiments/spack/opt/spack/linux-centos8-zen/gcc-8.5.0/mpc-1.2.1-zg7f2yjyde5hdcyir4nthxavn4yxh7fe/lib -Wl,-rpath,/home/ronak/dyninst-experiments/spack/opt/spack/linux-centos8-zen/gcc-8.5.0/mpfr-4.1.0-f3zq6koo6vfl5ngnwftqo4fi5w5zet3p/lib -Wl,-rpath,/home/ronak/dyninst-experiments/spack/opt/spack/linux-centos8-zen/gcc-8.5.0/zlib-1.2.13-l4tjcws5yisqclhch5as7a7joku7elub/lib -Wl,-rpath,/home/ronak/dyninst-experiments/spack/opt/spack/linux-centos8-zen/gcc-8.5.0/zstd-1.5.2-tsp567qnxyykerfmclyj4wcsz26latzw/lib -static-libstdc++ -static-libgcc' --with-build-config=spack
Thread model: posix
Supported LTO compression algorithms: zlib zstd
gcc version 10.2.0 (Spack GCC) 
COLLECT_GCC_OPTIONS='-v' '-o' 'CMakeFiles/cmTC_10a76.dir/CMakeCCompilerABI.c.o' '-c' '-mtune=generic' '-march=x86-64'
 /home/ronak/dyninst-experiments/spack/opt/spack/linux-centos8-zen/gcc-8.5.0/gcc-10.2.0-45e5wvvp7hrukuqzrpcdzuzkwrpo2kil/libexec/gcc/x86_64-pc-linux-gnu/10.2.0/cc1 -quiet -v /usr/share/cmake/Modules/CMakeCCompilerABI.c -quiet -dumpbase CMakeCCompilerABI.c -mtune=generic -march=x86-64 -auxbase-strip CMakeFiles/cmTC_10a76.dir/CMakeCCompilerABI.c.o -version -o /tmp/cc9shU5D.s
GNU C17 (Spack GCC) version 10.2.0 (x86_64-pc-linux-gnu)
	compiled by GNU C version 10.2.0, GMP version 6.2.1, MPFR version 4.1.0, MPC version 1.2.1, isl version none
GGC heuristics: --param ggc-min-expand=100 --param ggc-min-heapsize=131072
ignoring nonexistent directory "/home/ronak/dyninst-experiments/spack/opt/spack/linux-centos8-zen/gcc-8.5.0/gcc-10.2.0-45e5wvvp7hrukuqzrpcdzuzkwrpo2kil/lib/gcc/x86_64-pc-linux-gnu/10.2.0/../../../../x86_64-pc-linux-gnu/include"
#include "..." search starts here:
#include <...> search starts here:
 /home/ronak/dyninst-experiments/spack/opt/spack/linux-centos8-zen/gcc-8.5.0/gcc-10.2.0-45e5wvvp7hrukuqzrpcdzuzkwrpo2kil/lib/gcc/x86_64-pc-linux-gnu/10.2.0/include
 /usr/local/include
 /home/ronak/dyninst-experiments/spack/opt/spack/linux-centos8-zen/gcc-8.5.0/gcc-10.2.0-45e5wvvp7hrukuqzrpcdzuzkwrpo2kil/include
 /home/ronak/dyninst-experiments/spack/opt/spack/linux-centos8-zen/gcc-8.5.0/gcc-10.2.0-45e5wvvp7hrukuqzrpcdzuzkwrpo2kil/lib/gcc/x86_64-pc-linux-gnu/10.2.0/include-fixed
 /usr/include
End of search list.
GNU C17 (Spack GCC) version 10.2.0 (x86_64-pc-linux-gnu)
	compiled by GNU C version 10.2.0, GMP version 6.2.1, MPFR version 4.1.0, MPC version 1.2.1, isl version none
GGC heuristics: --param ggc-min-expand=100 --param ggc-min-heapsize=131072
Compiler executable checksum: 77a4dee289862a421f13198db48fdadc
COLLECT_GCC_OPTIONS='-v' '-o' 'CMakeFiles/cmTC_10a76.dir/CMakeCCompilerABI.c.o' '-c' '-mtune=generic' '-march=x86-64'
 as -v --64 -o CMakeFiles/cmTC_10a76.dir/CMakeCCompilerABI.c.o /tmp/cc9shU5D.s
GNU assembler version 2.30 (x86_64-redhat-linux) using BFD version version 2.30-108.el8_5.1
COMPILER_PATH=/home/ronak/dyninst-experiments/spack/opt/spack/linux-centos8-zen/gcc-8.5.0/gcc-10.2.0-45e5wvvp7hrukuqzrpcdzuzkwrpo2kil/libexec/gcc/x86_64-pc-linux-gnu/10.2.0/:/home/ronak/dyninst-experiments/spack/opt/spack/linux-centos8-zen/gcc-8.5.0/gcc-10.2.0-45e5wvvp7hrukuqzrpcdzuzkwrpo2kil/libexec/gcc/x86_64-pc-linux-gnu/10.2.0/:/home/ronak/dyninst-experiments/spack/opt/spack/linux-centos8-zen/gcc-8.5.0/gcc-10.2.0-45e5wvvp7hrukuqzrpcdzuzkwrpo2kil/libexec/gcc/x86_64-pc-linux-gnu/:/home/ronak/dyninst-experiments/spack/opt/spack/linux-centos8-zen/gcc-8.5.0/gcc-10.2.0-45e5wvvp7hrukuqzrpcdzuzkwrpo2kil/lib/gcc/x86_64-pc-linux-gnu/10.2.0/:/home/ronak/dyninst-experiments/spack/opt/spack/linux-centos8-zen/gcc-8.5.0/gcc-10.2.0-45e5wvvp7hrukuqzrpcdzuzkwrpo2kil/lib/gcc/x86_64-pc-linux-gnu/
LIBRARY_PATH=/home/ronak/dyninst-experiments/spack/opt/spack/linux-centos8-zen/gcc-8.5.0/gcc-10.2.0-45e5wvvp7hrukuqzrpcdzuzkwrpo2kil/lib/gcc/x86_64-pc-linux-gnu/10.2.0/:/home/ronak/dyninst-experiments/spack/opt/spack/linux-centos8-zen/gcc-8.5.0/gcc-10.2.0-45e5wvvp7hrukuqzrpcdzuzkwrpo2kil/lib/gcc/x86_64-pc-linux-gnu/10.2.0/../../../../lib64/:/lib/../lib64/:/usr/lib/../lib64/:/home/ronak/dyninst-experiments/spack/opt/spack/linux-centos8-zen/gcc-8.5.0/gcc-10.2.0-45e5wvvp7hrukuqzrpcdzuzkwrpo2kil/lib/gcc/x86_64-pc-linux-gnu/10.2.0/../../../:/lib/:/usr/lib/
COLLECT_GCC_OPTIONS='-v' '-o' 'CMakeFiles/cmTC_10a76.dir/CMakeCCompilerABI.c.o' '-c' '-mtune=generic' '-march=x86-64'
Linking C executable cmTC_10a76
/usr/bin/cmake -E cmake_link_script CMakeFiles/cmTC_10a76.dir/link.txt --verbose=1
/home/ronak/dyninst-experiments/spack/opt/spack/linux-centos8-zen/gcc-8.5.0/gcc-10.2.0-45e5wvvp7hrukuqzrpcdzuzkwrpo2kil/bin/gcc  -v CMakeFiles/cmTC_10a76.dir/CMakeCCompilerABI.c.o -o cmTC_10a76 
Reading specs from /home/ronak/dyninst-experiments/spack/opt/spack/linux-centos8-zen/gcc-8.5.0/gcc-10.2.0-45e5wvvp7hrukuqzrpcdzuzkwrpo2kil/lib/gcc/x86_64-pc-linux-gnu/10.2.0/specs
COLLECT_GCC=/home/ronak/dyninst-experiments/spack/opt/spack/linux-centos8-zen/gcc-8.5.0/gcc-10.2.0-45e5wvvp7hrukuqzrpcdzuzkwrpo2kil/bin/gcc
COLLECT_LTO_WRAPPER=/home/ronak/dyninst-experiments/spack/opt/spack/linux-centos8-zen/gcc-8.5.0/gcc-10.2.0-45e5wvvp7hrukuqzrpcdzuzkwrpo2kil/libexec/gcc/x86_64-pc-linux-gnu/10.2.0/lto-wrapper
Target: x86_64-pc-linux-gnu
Configured with: /tmp/ronak/spack-stage/spack-stage-gcc-10.2.0-45e5wvvp7hrukuqzrpcdzuzkwrpo2kil/spack-src/configure --prefix=/home/ronak/dyninst-experiments/spack/opt/spack/linux-centos8-zen/gcc-8.5.0/gcc-10.2.0-45e5wvvp7hrukuqzrpcdzuzkwrpo2kil --with-pkgversion='Spack GCC' --with-bugurl=https://github.com/spack/spack/issues --disable-multilib --enable-languages=c,c++,fortran --disable-nls --disable-canonical-system-headers --with-system-zlib --with-zstd-include=/home/ronak/dyninst-experiments/spack/opt/spack/linux-centos8-zen/gcc-8.5.0/zstd-1.5.2-tsp567qnxyykerfmclyj4wcsz26latzw/include --with-zstd-lib=/home/ronak/dyninst-experiments/spack/opt/spack/linux-centos8-zen/gcc-8.5.0/zstd-1.5.2-tsp567qnxyykerfmclyj4wcsz26latzw/lib --enable-bootstrap --with-mpfr-include=/home/ronak/dyninst-experiments/spack/opt/spack/linux-centos8-zen/gcc-8.5.0/mpfr-4.1.0-f3zq6koo6vfl5ngnwftqo4fi5w5zet3p/include --with-mpfr-lib=/home/ronak/dyninst-experiments/spack/opt/spack/linux-centos8-zen/gcc-8.5.0/mpfr-4.1.0-f3zq6koo6vfl5ngnwftqo4fi5w5zet3p/lib --with-gmp-include=/home/ronak/dyninst-experiments/spack/opt/spack/linux-centos8-zen/gcc-8.5.0/gmp-6.2.1-wy2vtmjvq7e56upskuhilpno2mzwc4rc/include --with-gmp-lib=/home/ronak/dyninst-experiments/spack/opt/spack/linux-centos8-zen/gcc-8.5.0/gmp-6.2.1-wy2vtmjvq7e56upskuhilpno2mzwc4rc/lib --with-mpc-include=/home/ronak/dyninst-experiments/spack/opt/spack/linux-centos8-zen/gcc-8.5.0/mpc-1.2.1-zg7f2yjyde5hdcyir4nthxavn4yxh7fe/include --with-mpc-lib=/home/ronak/dyninst-experiments/spack/opt/spack/linux-centos8-zen/gcc-8.5.0/mpc-1.2.1-zg7f2yjyde5hdcyir4nthxavn4yxh7fe/lib --without-isl --with-stage1-ldflags='-Wl,-rpath,/home/ronak/dyninst-experiments/spack/opt/spack/linux-centos8-zen/gcc-8.5.0/gcc-10.2.0-45e5wvvp7hrukuqzrpcdzuzkwrpo2kil/lib -Wl,-rpath,/home/ronak/dyninst-experiments/spack/opt/spack/linux-centos8-zen/gcc-8.5.0/gcc-10.2.0-45e5wvvp7hrukuqzrpcdzuzkwrpo2kil/lib64 -Wl,-rpath,/home/ronak/dyninst-experiments/spack/opt/spack/linux-centos8-zen/gcc-8.5.0/gmp-6.2.1-wy2vtmjvq7e56upskuhilpno2mzwc4rc/lib -Wl,-rpath,/home/ronak/dyninst-experiments/spack/opt/spack/linux-centos8-zen/gcc-8.5.0/mpc-1.2.1-zg7f2yjyde5hdcyir4nthxavn4yxh7fe/lib -Wl,-rpath,/home/ronak/dyninst-experiments/spack/opt/spack/linux-centos8-zen/gcc-8.5.0/mpfr-4.1.0-f3zq6koo6vfl5ngnwftqo4fi5w5zet3p/lib -Wl,-rpath,/home/ronak/dyninst-experiments/spack/opt/spack/linux-centos8-zen/gcc-8.5.0/zlib-1.2.13-l4tjcws5yisqclhch5as7a7joku7elub/lib -Wl,-rpath,/home/ronak/dyninst-experiments/spack/opt/spack/linux-centos8-zen/gcc-8.5.0/zstd-1.5.2-tsp567qnxyykerfmclyj4wcsz26latzw/lib' --with-boot-ldflags='-Wl,-rpath,/home/ronak/dyninst-experiments/spack/opt/spack/linux-centos8-zen/gcc-8.5.0/gcc-10.2.0-45e5wvvp7hrukuqzrpcdzuzkwrpo2kil/lib -Wl,-rpath,/home/ronak/dyninst-experiments/spack/opt/spack/linux-centos8-zen/gcc-8.5.0/gcc-10.2.0-45e5wvvp7hrukuqzrpcdzuzkwrpo2kil/lib64 -Wl,-rpath,/home/ronak/dyninst-experiments/spack/opt/spack/linux-centos8-zen/gcc-8.5.0/gmp-6.2.1-wy2vtmjvq7e56upskuhilpno2mzwc4rc/lib -Wl,-rpath,/home/ronak/dyninst-experiments/spack/opt/spack/linux-centos8-zen/gcc-8.5.0/mpc-1.2.1-zg7f2yjyde5hdcyir4nthxavn4yxh7fe/lib -Wl,-rpath,/home/ronak/dyninst-experiments/spack/opt/spack/linux-centos8-zen/gcc-8.5.0/mpfr-4.1.0-f3zq6koo6vfl5ngnwftqo4fi5w5zet3p/lib -Wl,-rpath,/home/ronak/dyninst-experiments/spack/opt/spack/linux-centos8-zen/gcc-8.5.0/zlib-1.2.13-l4tjcws5yisqclhch5as7a7joku7elub/lib -Wl,-rpath,/home/ronak/dyninst-experiments/spack/opt/spack/linux-centos8-zen/gcc-8.5.0/zstd-1.5.2-tsp567qnxyykerfmclyj4wcsz26latzw/lib -static-libstdc++ -static-libgcc' --with-build-config=spack
Thread model: posix
Supported LTO compression algorithms: zlib zstd
gcc version 10.2.0 (Spack GCC) 
COMPILER_PATH=/home/ronak/dyninst-experiments/spack/opt/spack/linux-centos8-zen/gcc-8.5.0/gcc-10.2.0-45e5wvvp7hrukuqzrpcdzuzkwrpo2kil/libexec/gcc/x86_64-pc-linux-gnu/10.2.0/:/home/ronak/dyninst-experiments/spack/opt/spack/linux-centos8-zen/gcc-8.5.0/gcc-10.2.0-45e5wvvp7hrukuqzrpcdzuzkwrpo2kil/libexec/gcc/x86_64-pc-linux-gnu/10.2.0/:/home/ronak/dyninst-experiments/spack/opt/spack/linux-centos8-zen/gcc-8.5.0/gcc-10.2.0-45e5wvvp7hrukuqzrpcdzuzkwrpo2kil/libexec/gcc/x86_64-pc-linux-gnu/:/home/ronak/dyninst-experiments/spack/opt/spack/linux-centos8-zen/gcc-8.5.0/gcc-10.2.0-45e5wvvp7hrukuqzrpcdzuzkwrpo2kil/lib/gcc/x86_64-pc-linux-gnu/10.2.0/:/home/ronak/dyninst-experiments/spack/opt/spack/linux-centos8-zen/gcc-8.5.0/gcc-10.2.0-45e5wvvp7hrukuqzrpcdzuzkwrpo2kil/lib/gcc/x86_64-pc-linux-gnu/
LIBRARY_PATH=/home/ronak/dyninst-experiments/spack/opt/spack/linux-centos8-zen/gcc-8.5.0/gcc-10.2.0-45e5wvvp7hrukuqzrpcdzuzkwrpo2kil/lib/gcc/x86_64-pc-linux-gnu/10.2.0/:/home/ronak/dyninst-experiments/spack/opt/spack/linux-centos8-zen/gcc-8.5.0/gcc-10.2.0-45e5wvvp7hrukuqzrpcdzuzkwrpo2kil/lib/gcc/x86_64-pc-linux-gnu/10.2.0/../../../../lib64/:/lib/../lib64/:/usr/lib/../lib64/:/home/ronak/dyninst-experiments/spack/opt/spack/linux-centos8-zen/gcc-8.5.0/gcc-10.2.0-45e5wvvp7hrukuqzrpcdzuzkwrpo2kil/lib/gcc/x86_64-pc-linux-gnu/10.2.0/../../../:/lib/:/usr/lib/
COLLECT_GCC_OPTIONS='-v' '-o' 'cmTC_10a76' '-mtune=generic' '-march=x86-64'
 /home/ronak/dyninst-experiments/spack/opt/spack/linux-centos8-zen/gcc-8.5.0/gcc-10.2.0-45e5wvvp7hrukuqzrpcdzuzkwrpo2kil/libexec/gcc/x86_64-pc-linux-gnu/10.2.0/collect2 -plugin /home/ronak/dyninst-experiments/spack/opt/spack/linux-centos8-zen/gcc-8.5.0/gcc-10.2.0-45e5wvvp7hrukuqzrpcdzuzkwrpo2kil/libexec/gcc/x86_64-pc-linux-gnu/10.2.0/liblto_plugin.so -plugin-opt=/home/ronak/dyninst-experiments/spack/opt/spack/linux-centos8-zen/gcc-8.5.0/gcc-10.2.0-45e5wvvp7hrukuqzrpcdzuzkwrpo2kil/libexec/gcc/x86_64-pc-linux-gnu/10.2.0/lto-wrapper -plugin-opt=-fresolution=/tmp/ccpIQNKZ.res -plugin-opt=-pass-through=-lgcc -plugin-opt=-pass-through=-lgcc_s -plugin-opt=-pass-through=-lc -plugin-opt=-pass-through=-lgcc -plugin-opt=-pass-through=-lgcc_s --eh-frame-hdr -m elf_x86_64 -dynamic-linker /lib64/ld-linux-x86-64.so.2 -o cmTC_10a76 /lib/../lib64/crt1.o /lib/../lib64/crti.o /home/ronak/dyninst-experiments/spack/opt/spack/linux-centos8-zen/gcc-8.5.0/gcc-10.2.0-45e5wvvp7hrukuqzrpcdzuzkwrpo2kil/lib/gcc/x86_64-pc-linux-gnu/10.2.0/crtbegin.o -rpath /home/ronak/dyninst-experiments/spack/opt/spack/linux-centos8-zen/gcc-8.5.0/gcc-10.2.0-45e5wvvp7hrukuqzrpcdzuzkwrpo2kil/lib64 -L/home/ronak/dyninst-experiments/spack/opt/spack/linux-centos8-zen/gcc-8.5.0/gcc-10.2.0-45e5wvvp7hrukuqzrpcdzuzkwrpo2kil/lib/gcc/x86_64-pc-linux-gnu/10.2.0 -L/home/ronak/dyninst-experiments/spack/opt/spack/linux-centos8-zen/gcc-8.5.0/gcc-10.2.0-45e5wvvp7hrukuqzrpcdzuzkwrpo2kil/lib/gcc/x86_64-pc-linux-gnu/10.2.0/../../../../lib64 -L/lib/../lib64 -L/usr/lib/../lib64 -L/home/ronak/dyninst-experiments/spack/opt/spack/linux-centos8-zen/gcc-8.5.0/gcc-10.2.0-45e5wvvp7hrukuqzrpcdzuzkwrpo2kil/lib/gcc/x86_64-pc-linux-gnu/10.2.0/../../.. CMakeFiles/cmTC_10a76.dir/CMakeCCompilerABI.c.o -lgcc --push-state --as-needed -lgcc_s --pop-state -lc -lgcc --push-state --as-needed -lgcc_s --pop-state /home/ronak/dyninst-experiments/spack/opt/spack/linux-centos8-zen/gcc-8.5.0/gcc-10.2.0-45e5wvvp7hrukuqzrpcdzuzkwrpo2kil/lib/gcc/x86_64-pc-linux-gnu/10.2.0/crtend.o /lib/../lib64/crtn.o
COLLECT_GCC_OPTIONS='-v' '-o' 'cmTC_10a76' '-mtune=generic' '-march=x86-64'
gmake[1]: Leaving directory '/home/ronak/dyninst-experiments/KernelReorderTool/simple/build/CMakeFiles/CMakeTmp'



Parsed C implicit include dir info from above output: rv=done
  found start of include info
  found start of implicit include info
    add: [/home/ronak/dyninst-experiments/spack/opt/spack/linux-centos8-zen/gcc-8.5.0/gcc-10.2.0-45e5wvvp7hrukuqzrpcdzuzkwrpo2kil/lib/gcc/x86_64-pc-linux-gnu/10.2.0/include]
    add: [/usr/local/include]
    add: [/home/ronak/dyninst-experiments/spack/opt/spack/linux-centos8-zen/gcc-8.5.0/gcc-10.2.0-45e5wvvp7hrukuqzrpcdzuzkwrpo2kil/include]
    add: [/home/ronak/dyninst-experiments/spack/opt/spack/linux-centos8-zen/gcc-8.5.0/gcc-10.2.0-45e5wvvp7hrukuqzrpcdzuzkwrpo2kil/lib/gcc/x86_64-pc-linux-gnu/10.2.0/include-fixed]
    add: [/usr/include]
  end of search list found
  collapse include dir [/home/ronak/dyninst-experiments/spack/opt/spack/linux-centos8-zen/gcc-8.5.0/gcc-10.2.0-45e5wvvp7hrukuqzrpcdzuzkwrpo2kil/lib/gcc/x86_64-pc-linux-gnu/10.2.0/include] ==> [/home/ronak/dyninst-experiments/spack/opt/spack/linux-centos8-zen/gcc-8.5.0/gcc-10.2.0-45e5wvvp7hrukuqzrpcdzuzkwrpo2kil/lib/gcc/x86_64-pc-linux-gnu/10.2.0/include]
  collapse include dir [/usr/local/include] ==> [/usr/local/include]
  collapse include dir [/home/ronak/dyninst-experiments/spack/opt/spack/linux-centos8-zen/gcc-8.5.0/gcc-10.2.0-45e5wvvp7hrukuqzrpcdzuzkwrpo2kil/include] ==> [/home/ronak/dyninst-experiments/spack/opt/spack/linux-centos8-zen/gcc-8.5.0/gcc-10.2.0-45e5wvvp7hrukuqzrpcdzuzkwrpo2kil/include]
  collapse include dir [/home/ronak/dyninst-experiments/spack/opt/spack/linux-centos8-zen/gcc-8.5.0/gcc-10.2.0-45e5wvvp7hrukuqzrpcdzuzkwrpo2kil/lib/gcc/x86_64-pc-linux-gnu/10.2.0/include-fixed] ==> [/home/ronak/dyninst-experiments/spack/opt/spack/linux-centos8-zen/gcc-8.5.0/gcc-10.2.0-45e5wvvp7hrukuqzrpcdzuzkwrpo2kil/lib/gcc/x86_64-pc-linux-gnu/10.2.0/include-fixed]
  collapse include dir [/usr/include] ==> [/usr/include]
  implicit include dirs: [/home/ronak/dyninst-experiments/spack/opt/spack/linux-centos8-zen/gcc-8.5.0/gcc-10.2.0-45e5wvvp7hrukuqzrpcdzuzkwrpo2kil/lib/gcc/x86_64-pc-linux-gnu/10.2.0/include;/usr/local/include;/home/ronak/dyninst-experiments/spack/opt/spack/linux-centos8-zen/gcc-8.5.0/gcc-10.2.0-45e5wvvp7hrukuqzrpcdzuzkwrpo2kil/include;/home/ronak/dyninst-experiments/spack/opt/spack/linux-centos8-zen/gcc-8.5.0/gcc-10.2.0-45e5wvvp7hrukuqzrpcdzuzkwrpo2kil/lib/gcc/x86_64-pc-linux-gnu/10.2.0/include-fixed;/usr/include]


Parsed C implicit link information from above output:
  link line regex: [^( *|.*[/\])(ld|CMAKE_LINK_STARTFILE-NOTFOUND|([^/\]+-)?ld|collect2)[^/\]*( |$)]
  ignore line: [Change Dir: /home/ronak/dyninst-experiments/KernelReorderTool/simple/build/CMakeFiles/CMakeTmp]
  ignore line: []
  ignore line: [Run Build Command(s):/usr/bin/gmake -f Makefile cmTC_10a76/fast && /usr/bin/gmake  -f CMakeFiles/cmTC_10a76.dir/build.make CMakeFiles/cmTC_10a76.dir/build]
  ignore line: [gmake[1]: Entering directory '/home/ronak/dyninst-experiments/KernelReorderTool/simple/build/CMakeFiles/CMakeTmp']
  ignore line: [Building C object CMakeFiles/cmTC_10a76.dir/CMakeCCompilerABI.c.o]
  ignore line: [/home/ronak/dyninst-experiments/spack/opt/spack/linux-centos8-zen/gcc-8.5.0/gcc-10.2.0-45e5wvvp7hrukuqzrpcdzuzkwrpo2kil/bin/gcc   -v -o CMakeFiles/cmTC_10a76.dir/CMakeCCompilerABI.c.o -c /usr/share/cmake/Modules/CMakeCCompilerABI.c]
  ignore line: [Reading specs from /home/ronak/dyninst-experiments/spack/opt/spack/linux-centos8-zen/gcc-8.5.0/gcc-10.2.0-45e5wvvp7hrukuqzrpcdzuzkwrpo2kil/lib/gcc/x86_64-pc-linux-gnu/10.2.0/specs]
  ignore line: [COLLECT_GCC=/home/ronak/dyninst-experiments/spack/opt/spack/linux-centos8-zen/gcc-8.5.0/gcc-10.2.0-45e5wvvp7hrukuqzrpcdzuzkwrpo2kil/bin/gcc]
  ignore line: [Target: x86_64-pc-linux-gnu]
  ignore line: [Configured with: /tmp/ronak/spack-stage/spack-stage-gcc-10.2.0-45e5wvvp7hrukuqzrpcdzuzkwrpo2kil/spack-src/configure --prefix=/home/ronak/dyninst-experiments/spack/opt/spack/linux-centos8-zen/gcc-8.5.0/gcc-10.2.0-45e5wvvp7hrukuqzrpcdzuzkwrpo2kil --with-pkgversion='Spack GCC' --with-bugurl=https://github.com/spack/spack/issues --disable-multilib --enable-languages=c c++ fortran --disable-nls --disable-canonical-system-headers --with-system-zlib --with-zstd-include=/home/ronak/dyninst-experiments/spack/opt/spack/linux-centos8-zen/gcc-8.5.0/zstd-1.5.2-tsp567qnxyykerfmclyj4wcsz26latzw/include --with-zstd-lib=/home/ronak/dyninst-experiments/spack/opt/spack/linux-centos8-zen/gcc-8.5.0/zstd-1.5.2-tsp567qnxyykerfmclyj4wcsz26latzw/lib --enable-bootstrap --with-mpfr-include=/home/ronak/dyninst-experiments/spack/opt/spack/linux-centos8-zen/gcc-8.5.0/mpfr-4.1.0-f3zq6koo6vfl5ngnwftqo4fi5w5zet3p/include --with-mpfr-lib=/home/ronak/dyninst-experiments/spack/opt/spack/linux-centos8-zen/gcc-8.5.0/mpfr-4.1.0-f3zq6koo6vfl5ngnwftqo4fi5w5zet3p/lib --with-gmp-include=/home/ronak/dyninst-experiments/spack/opt/spack/linux-centos8-zen/gcc-8.5.0/gmp-6.2.1-wy2vtmjvq7e56upskuhilpno2mzwc4rc/include --with-gmp-lib=/home/ronak/dyninst-experiments/spack/opt/spack/linux-centos8-zen/gcc-8.5.0/gmp-6.2.1-wy2vtmjvq7e56upskuhilpno2mzwc4rc/lib --with-mpc-include=/home/ronak/dyninst-experiments/spack/opt/spack/linux-centos8-zen/gcc-8.5.0/mpc-1.2.1-zg7f2yjyde5hdcyir4nthxavn4yxh7fe/include --with-mpc-lib=/home/ronak/dyninst-experiments/spack/opt/spack/linux-centos8-zen/gcc-8.5.0/mpc-1.2.1-zg7f2yjyde5hdcyir4nthxavn4yxh7fe/lib --without-isl --with-stage1-ldflags='-Wl -rpath /home/ronak/dyninst-experiments/spack/opt/spack/linux-centos8-zen/gcc-8.5.0/gcc-10.2.0-45e5wvvp7hrukuqzrpcdzuzkwrpo2kil/lib -Wl -rpath /home/ronak/dyninst-experiments/spack/opt/spack/linux-centos8-zen/gcc-8.5.0/gcc-10.2.0-45e5wvvp7hrukuqzrpcdzuzkwrpo2kil/lib64 -Wl -rpath /home/ronak/dyninst-experiments/spack/opt/spack/linux-centos8-zen/gcc-8.5.0/gmp-6.2.1-wy2vtmjvq7e56upskuhilpno2mzwc4rc/lib -Wl -rpath /home/ronak/dyninst-experiments/spack/opt/spack/linux-centos8-zen/gcc-8.5.0/mpc-1.2.1-zg7f2yjyde5hdcyir4nthxavn4yxh7fe/lib -Wl -rpath /home/ronak/dyninst-experiments/spack/opt/spack/linux-centos8-zen/gcc-8.5.0/mpfr-4.1.0-f3zq6koo6vfl5ngnwftqo4fi5w5zet3p/lib -Wl -rpath /home/ronak/dyninst-experiments/spack/opt/spack/linux-centos8-zen/gcc-8.5.0/zlib-1.2.13-l4tjcws5yisqclhch5as7a7joku7elub/lib -Wl -rpath /home/ronak/dyninst-experiments/spack/opt/spack/linux-centos8-zen/gcc-8.5.0/zstd-1.5.2-tsp567qnxyykerfmclyj4wcsz26latzw/lib' --with-boot-ldflags='-Wl -rpath /home/ronak/dyninst-experiments/spack/opt/spack/linux-centos8-zen/gcc-8.5.0/gcc-10.2.0-45e5wvvp7hrukuqzrpcdzuzkwrpo2kil/lib -Wl -rpath /home/ronak/dyninst-experiments/spack/opt/spack/linux-centos8-zen/gcc-8.5.0/gcc-10.2.0-45e5wvvp7hrukuqzrpcdzuzkwrpo2kil/lib64 -Wl -rpath /home/ronak/dyninst-experiments/spack/opt/spack/linux-centos8-zen/gcc-8.5.0/gmp-6.2.1-wy2vtmjvq7e56upskuhilpno2mzwc4rc/lib -Wl -rpath /home/ronak/dyninst-experiments/spack/opt/spack/linux-centos8-zen/gcc-8.5.0/mpc-1.2.1-zg7f2yjyde5hdcyir4nthxavn4yxh7fe/lib -Wl -rpath /home/ronak/dyninst-experiments/spack/opt/spack/linux-centos8-zen/gcc-8.5.0/mpfr-4.1.0-f3zq6koo6vfl5ngnwftqo4fi5w5zet3p/lib -Wl -rpath /home/ronak/dyninst-experiments/spack/opt/spack/linux-centos8-zen/gcc-8.5.0/zlib-1.2.13-l4tjcws5yisqclhch5as7a7joku7elub/lib -Wl -rpath /home/ronak/dyninst-experiments/spack/opt/spack/linux-centos8-zen/gcc-8.5.0/zstd-1.5.2-tsp567qnxyykerfmclyj4wcsz26latzw/lib -static-libstdc++ -static-libgcc' --with-build-config=spack]
  ignore line: [Thread model: posix]
  ignore line: [Supported LTO compression algorithms: zlib zstd]
  ignore line: [gcc version 10.2.0 (Spack GCC) ]
  ignore line: [COLLECT_GCC_OPTIONS='-v' '-o' 'CMakeFiles/cmTC_10a76.dir/CMakeCCompilerABI.c.o' '-c' '-mtune=generic' '-march=x86-64']
  ignore line: [ /home/ronak/dyninst-experiments/spack/opt/spack/linux-centos8-zen/gcc-8.5.0/gcc-10.2.0-45e5wvvp7hrukuqzrpcdzuzkwrpo2kil/libexec/gcc/x86_64-pc-linux-gnu/10.2.0/cc1 -quiet -v /usr/share/cmake/Modules/CMakeCCompilerABI.c -quiet -dumpbase CMakeCCompilerABI.c -mtune=generic -march=x86-64 -auxbase-strip CMakeFiles/cmTC_10a76.dir/CMakeCCompilerABI.c.o -version -o /tmp/cc9shU5D.s]
  ignore line: [GNU C17 (Spack GCC) version 10.2.0 (x86_64-pc-linux-gnu)]
  ignore line: [	compiled by GNU C version 10.2.0  GMP version 6.2.1  MPFR version 4.1.0  MPC version 1.2.1  isl version none]
  ignore line: [GGC heuristics: --param ggc-min-expand=100 --param ggc-min-heapsize=131072]
  ignore line: [ignoring nonexistent directory "/home/ronak/dyninst-experiments/spack/opt/spack/linux-centos8-zen/gcc-8.5.0/gcc-10.2.0-45e5wvvp7hrukuqzrpcdzuzkwrpo2kil/lib/gcc/x86_64-pc-linux-gnu/10.2.0/../../../../x86_64-pc-linux-gnu/include"]
  ignore line: [#include "..." search starts here:]
  ignore line: [#include <...> search starts here:]
  ignore line: [ /home/ronak/dyninst-experiments/spack/opt/spack/linux-centos8-zen/gcc-8.5.0/gcc-10.2.0-45e5wvvp7hrukuqzrpcdzuzkwrpo2kil/lib/gcc/x86_64-pc-linux-gnu/10.2.0/include]
  ignore line: [ /usr/local/include]
  ignore line: [ /home/ronak/dyninst-experiments/spack/opt/spack/linux-centos8-zen/gcc-8.5.0/gcc-10.2.0-45e5wvvp7hrukuqzrpcdzuzkwrpo2kil/include]
  ignore line: [ /home/ronak/dyninst-experiments/spack/opt/spack/linux-centos8-zen/gcc-8.5.0/gcc-10.2.0-45e5wvvp7hrukuqzrpcdzuzkwrpo2kil/lib/gcc/x86_64-pc-linux-gnu/10.2.0/include-fixed]
  ignore line: [ /usr/include]
  ignore line: [End of search list.]
  ignore line: [GNU C17 (Spack GCC) version 10.2.0 (x86_64-pc-linux-gnu)]
  ignore line: [	compiled by GNU C version 10.2.0  GMP version 6.2.1  MPFR version 4.1.0  MPC version 1.2.1  isl version none]
  ignore line: [GGC heuristics: --param ggc-min-expand=100 --param ggc-min-heapsize=131072]
  ignore line: [Compiler executable checksum: 77a4dee289862a421f13198db48fdadc]
  ignore line: [COLLECT_GCC_OPTIONS='-v' '-o' 'CMakeFiles/cmTC_10a76.dir/CMakeCCompilerABI.c.o' '-c' '-mtune=generic' '-march=x86-64']
  ignore line: [ as -v --64 -o CMakeFiles/cmTC_10a76.dir/CMakeCCompilerABI.c.o /tmp/cc9shU5D.s]
  ignore line: [GNU assembler version 2.30 (x86_64-redhat-linux) using BFD version version 2.30-108.el8_5.1]
  ignore line: [COMPILER_PATH=/home/ronak/dyninst-experiments/spack/opt/spack/linux-centos8-zen/gcc-8.5.0/gcc-10.2.0-45e5wvvp7hrukuqzrpcdzuzkwrpo2kil/libexec/gcc/x86_64-pc-linux-gnu/10.2.0/:/home/ronak/dyninst-experiments/spack/opt/spack/linux-centos8-zen/gcc-8.5.0/gcc-10.2.0-45e5wvvp7hrukuqzrpcdzuzkwrpo2kil/libexec/gcc/x86_64-pc-linux-gnu/10.2.0/:/home/ronak/dyninst-experiments/spack/opt/spack/linux-centos8-zen/gcc-8.5.0/gcc-10.2.0-45e5wvvp7hrukuqzrpcdzuzkwrpo2kil/libexec/gcc/x86_64-pc-linux-gnu/:/home/ronak/dyninst-experiments/spack/opt/spack/linux-centos8-zen/gcc-8.5.0/gcc-10.2.0-45e5wvvp7hrukuqzrpcdzuzkwrpo2kil/lib/gcc/x86_64-pc-linux-gnu/10.2.0/:/home/ronak/dyninst-experiments/spack/opt/spack/linux-centos8-zen/gcc-8.5.0/gcc-10.2.0-45e5wvvp7hrukuqzrpcdzuzkwrpo2kil/lib/gcc/x86_64-pc-linux-gnu/]
  ignore line: [LIBRARY_PATH=/home/ronak/dyninst-experiments/spack/opt/spack/linux-centos8-zen/gcc-8.5.0/gcc-10.2.0-45e5wvvp7hrukuqzrpcdzuzkwrpo2kil/lib/gcc/x86_64-pc-linux-gnu/10.2.0/:/home/ronak/dyninst-experiments/spack/opt/spack/linux-centos8-zen/gcc-8.5.0/gcc-10.2.0-45e5wvvp7hrukuqzrpcdzuzkwrpo2kil/lib/gcc/x86_64-pc-linux-gnu/10.2.0/../../../../lib64/:/lib/../lib64/:/usr/lib/../lib64/:/home/ronak/dyninst-experiments/spack/opt/spack/linux-centos8-zen/gcc-8.5.0/gcc-10.2.0-45e5wvvp7hrukuqzrpcdzuzkwrpo2kil/lib/gcc/x86_64-pc-linux-gnu/10.2.0/../../../:/lib/:/usr/lib/]
  ignore line: [COLLECT_GCC_OPTIONS='-v' '-o' 'CMakeFiles/cmTC_10a76.dir/CMakeCCompilerABI.c.o' '-c' '-mtune=generic' '-march=x86-64']
  ignore line: [Linking C executable cmTC_10a76]
  ignore line: [/usr/bin/cmake -E cmake_link_script CMakeFiles/cmTC_10a76.dir/link.txt --verbose=1]
  ignore line: [/home/ronak/dyninst-experiments/spack/opt/spack/linux-centos8-zen/gcc-8.5.0/gcc-10.2.0-45e5wvvp7hrukuqzrpcdzuzkwrpo2kil/bin/gcc  -v CMakeFiles/cmTC_10a76.dir/CMakeCCompilerABI.c.o -o cmTC_10a76 ]
  ignore line: [Reading specs from /home/ronak/dyninst-experiments/spack/opt/spack/linux-centos8-zen/gcc-8.5.0/gcc-10.2.0-45e5wvvp7hrukuqzrpcdzuzkwrpo2kil/lib/gcc/x86_64-pc-linux-gnu/10.2.0/specs]
  ignore line: [COLLECT_GCC=/home/ronak/dyninst-experiments/spack/opt/spack/linux-centos8-zen/gcc-8.5.0/gcc-10.2.0-45e5wvvp7hrukuqzrpcdzuzkwrpo2kil/bin/gcc]
  ignore line: [COLLECT_LTO_WRAPPER=/home/ronak/dyninst-experiments/spack/opt/spack/linux-centos8-zen/gcc-8.5.0/gcc-10.2.0-45e5wvvp7hrukuqzrpcdzuzkwrpo2kil/libexec/gcc/x86_64-pc-linux-gnu/10.2.0/lto-wrapper]
  ignore line: [Target: x86_64-pc-linux-gnu]
  ignore line: [Configured with: /tmp/ronak/spack-stage/spack-stage-gcc-10.2.0-45e5wvvp7hrukuqzrpcdzuzkwrpo2kil/spack-src/configure --prefix=/home/ronak/dyninst-experiments/spack/opt/spack/linux-centos8-zen/gcc-8.5.0/gcc-10.2.0-45e5wvvp7hrukuqzrpcdzuzkwrpo2kil --with-pkgversion='Spack GCC' --with-bugurl=https://github.com/spack/spack/issues --disable-multilib --enable-languages=c c++ fortran --disable-nls --disable-canonical-system-headers --with-system-zlib --with-zstd-include=/home/ronak/dyninst-experiments/spack/opt/spack/linux-centos8-zen/gcc-8.5.0/zstd-1.5.2-tsp567qnxyykerfmclyj4wcsz26latzw/include --with-zstd-lib=/home/ronak/dyninst-experiments/spack/opt/spack/linux-centos8-zen/gcc-8.5.0/zstd-1.5.2-tsp567qnxyykerfmclyj4wcsz26latzw/lib --enable-bootstrap --with-mpfr-include=/home/ronak/dyninst-experiments/spack/opt/spack/linux-centos8-zen/gcc-8.5.0/mpfr-4.1.0-f3zq6koo6vfl5ngnwftqo4fi5w5zet3p/include --with-mpfr-lib=/home/ronak/dyninst-experiments/spack/opt/spack/linux-centos8-zen/gcc-8.5.0/mpfr-4.1.0-f3zq6koo6vfl5ngnwftqo4fi5w5zet3p/lib --with-gmp-include=/home/ronak/dyninst-experiments/spack/opt/spack/linux-centos8-zen/gcc-8.5.0/gmp-6.2.1-wy2vtmjvq7e56upskuhilpno2mzwc4rc/include --with-gmp-lib=/home/ronak/dyninst-experiments/spack/opt/spack/linux-centos8-zen/gcc-8.5.0/gmp-6.2.1-wy2vtmjvq7e56upskuhilpno2mzwc4rc/lib --with-mpc-include=/home/ronak/dyninst-experiments/spack/opt/spack/linux-centos8-zen/gcc-8.5.0/mpc-1.2.1-zg7f2yjyde5hdcyir4nthxavn4yxh7fe/include --with-mpc-lib=/home/ronak/dyninst-experiments/spack/opt/spack/linux-centos8-zen/gcc-8.5.0/mpc-1.2.1-zg7f2yjyde5hdcyir4nthxavn4yxh7fe/lib --without-isl --with-stage1-ldflags='-Wl -rpath /home/ronak/dyninst-experiments/spack/opt/spack/linux-centos8-zen/gcc-8.5.0/gcc-10.2.0-45e5wvvp7hrukuqzrpcdzuzkwrpo2kil/lib -Wl -rpath /home/ronak/dyninst-experiments/spack/opt/spack/linux-centos8-zen/gcc-8.5.0/gcc-10.2.0-45e5wvvp7hrukuqzrpcdzuzkwrpo2kil/lib64 -Wl -rpath /home/ronak/dyninst-experiments/spack/opt/spack/linux-centos8-zen/gcc-8.5.0/gmp-6.2.1-wy2vtmjvq7e56upskuhilpno2mzwc4rc/lib -Wl -rpath /home/ronak/dyninst-experiments/spack/opt/spack/linux-centos8-zen/gcc-8.5.0/mpc-1.2.1-zg7f2yjyde5hdcyir4nthxavn4yxh7fe/lib -Wl -rpath /home/ronak/dyninst-experiments/spack/opt/spack/linux-centos8-zen/gcc-8.5.0/mpfr-4.1.0-f3zq6koo6vfl5ngnwftqo4fi5w5zet3p/lib -Wl -rpath /home/ronak/dyninst-experiments/spack/opt/spack/linux-centos8-zen/gcc-8.5.0/zlib-1.2.13-l4tjcws5yisqclhch5as7a7joku7elub/lib -Wl -rpath /home/ronak/dyninst-experiments/spack/opt/spack/linux-centos8-zen/gcc-8.5.0/zstd-1.5.2-tsp567qnxyykerfmclyj4wcsz26latzw/lib' --with-boot-ldflags='-Wl -rpath /home/ronak/dyninst-experiments/spack/opt/spack/linux-centos8-zen/gcc-8.5.0/gcc-10.2.0-45e5wvvp7hrukuqzrpcdzuzkwrpo2kil/lib -Wl -rpath /home/ronak/dyninst-experiments/spack/opt/spack/linux-centos8-zen/gcc-8.5.0/gcc-10.2.0-45e5wvvp7hrukuqzrpcdzuzkwrpo2kil/lib64 -Wl -rpath /home/ronak/dyninst-experiments/spack/opt/spack/linux-centos8-zen/gcc-8.5.0/gmp-6.2.1-wy2vtmjvq7e56upskuhilpno2mzwc4rc/lib -Wl -rpath /home/ronak/dyninst-experiments/spack/opt/spack/linux-centos8-zen/gcc-8.5.0/mpc-1.2.1-zg7f2yjyde5hdcyir4nthxavn4yxh7fe/lib -Wl -rpath /home/ronak/dyninst-experiments/spack/opt/spack/linux-centos8-zen/gcc-8.5.0/mpfr-4.1.0-f3zq6koo6vfl5ngnwftqo4fi5w5zet3p/lib -Wl -rpath /home/ronak/dyninst-experiments/spack/opt/spack/linux-centos8-zen/gcc-8.5.0/zlib-1.2.13-l4tjcws5yisqclhch5as7a7joku7elub/lib -Wl -rpath /home/ronak/dyninst-experiments/spack/opt/spack/linux-centos8-zen/gcc-8.5.0/zstd-1.5.2-tsp567qnxyykerfmclyj4wcsz26latzw/lib -static-libstdc++ -static-libgcc' --with-build-config=spack]
  ignore line: [Thread model: posix]
  ignore line: [Supported LTO compression algorithms: zlib zstd]
  ignore line: [gcc version 10.2.0 (Spack GCC) ]
  ignore line: [COMPILER_PATH=/home/ronak/dyninst-experiments/spack/opt/spack/linux-centos8-zen/gcc-8.5.0/gcc-10.2.0-45e5wvvp7hrukuqzrpcdzuzkwrpo2kil/libexec/gcc/x86_64-pc-linux-gnu/10.2.0/:/home/ronak/dyninst-experiments/spack/opt/spack/linux-centos8-zen/gcc-8.5.0/gcc-10.2.0-45e5wvvp7hrukuqzrpcdzuzkwrpo2kil/libexec/gcc/x86_64-pc-linux-gnu/10.2.0/:/home/ronak/dyninst-experiments/spack/opt/spack/linux-centos8-zen/gcc-8.5.0/gcc-10.2.0-45e5wvvp7hrukuqzrpcdzuzkwrpo2kil/libexec/gcc/x86_64-pc-linux-gnu/:/home/ronak/dyninst-experiments/spack/opt/spack/linux-centos8-zen/gcc-8.5.0/gcc-10.2.0-45e5wvvp7hrukuqzrpcdzuzkwrpo2kil/lib/gcc/x86_64-pc-linux-gnu/10.2.0/:/home/ronak/dyninst-experiments/spack/opt/spack/linux-centos8-zen/gcc-8.5.0/gcc-10.2.0-45e5wvvp7hrukuqzrpcdzuzkwrpo2kil/lib/gcc/x86_64-pc-linux-gnu/]
  ignore line: [LIBRARY_PATH=/home/ronak/dyninst-experiments/spack/opt/spack/linux-centos8-zen/gcc-8.5.0/gcc-10.2.0-45e5wvvp7hrukuqzrpcdzuzkwrpo2kil/lib/gcc/x86_64-pc-linux-gnu/10.2.0/:/home/ronak/dyninst-experiments/spack/opt/spack/linux-centos8-zen/gcc-8.5.0/gcc-10.2.0-45e5wvvp7hrukuqzrpcdzuzkwrpo2kil/lib/gcc/x86_64-pc-linux-gnu/10.2.0/../../../../lib64/:/lib/../lib64/:/usr/lib/../lib64/:/home/ronak/dyninst-experiments/spack/opt/spack/linux-centos8-zen/gcc-8.5.0/gcc-10.2.0-45e5wvvp7hrukuqzrpcdzuzkwrpo2kil/lib/gcc/x86_64-pc-linux-gnu/10.2.0/../../../:/lib/:/usr/lib/]
  ignore line: [COLLECT_GCC_OPTIONS='-v' '-o' 'cmTC_10a76' '-mtune=generic' '-march=x86-64']
  link line: [ /home/ronak/dyninst-experiments/spack/opt/spack/linux-centos8-zen/gcc-8.5.0/gcc-10.2.0-45e5wvvp7hrukuqzrpcdzuzkwrpo2kil/libexec/gcc/x86_64-pc-linux-gnu/10.2.0/collect2 -plugin /home/ronak/dyninst-experiments/spack/opt/spack/linux-centos8-zen/gcc-8.5.0/gcc-10.2.0-45e5wvvp7hrukuqzrpcdzuzkwrpo2kil/libexec/gcc/x86_64-pc-linux-gnu/10.2.0/liblto_plugin.so -plugin-opt=/home/ronak/dyninst-experiments/spack/opt/spack/linux-centos8-zen/gcc-8.5.0/gcc-10.2.0-45e5wvvp7hrukuqzrpcdzuzkwrpo2kil/libexec/gcc/x86_64-pc-linux-gnu/10.2.0/lto-wrapper -plugin-opt=-fresolution=/tmp/ccpIQNKZ.res -plugin-opt=-pass-through=-lgcc -plugin-opt=-pass-through=-lgcc_s -plugin-opt=-pass-through=-lc -plugin-opt=-pass-through=-lgcc -plugin-opt=-pass-through=-lgcc_s --eh-frame-hdr -m elf_x86_64 -dynamic-linker /lib64/ld-linux-x86-64.so.2 -o cmTC_10a76 /lib/../lib64/crt1.o /lib/../lib64/crti.o /home/ronak/dyninst-experiments/spack/opt/spack/linux-centos8-zen/gcc-8.5.0/gcc-10.2.0-45e5wvvp7hrukuqzrpcdzuzkwrpo2kil/lib/gcc/x86_64-pc-linux-gnu/10.2.0/crtbegin.o -rpath /home/ronak/dyninst-experiments/spack/opt/spack/linux-centos8-zen/gcc-8.5.0/gcc-10.2.0-45e5wvvp7hrukuqzrpcdzuzkwrpo2kil/lib64 -L/home/ronak/dyninst-experiments/spack/opt/spack/linux-centos8-zen/gcc-8.5.0/gcc-10.2.0-45e5wvvp7hrukuqzrpcdzuzkwrpo2kil/lib/gcc/x86_64-pc-linux-gnu/10.2.0 -L/home/ronak/dyninst-experiments/spack/opt/spack/linux-centos8-zen/gcc-8.5.0/gcc-10.2.0-45e5wvvp7hrukuqzrpcdzuzkwrpo2kil/lib/gcc/x86_64-pc-linux-gnu/10.2.0/../../../../lib64 -L/lib/../lib64 -L/usr/lib/../lib64 -L/home/ronak/dyninst-experiments/spack/opt/spack/linux-centos8-zen/gcc-8.5.0/gcc-10.2.0-45e5wvvp7hrukuqzrpcdzuzkwrpo2kil/lib/gcc/x86_64-pc-linux-gnu/10.2.0/../../.. CMakeFiles/cmTC_10a76.dir/CMakeCCompilerABI.c.o -lgcc --push-state --as-needed -lgcc_s --pop-state -lc -lgcc --push-state --as-needed -lgcc_s --pop-state /home/ronak/dyninst-experiments/spack/opt/spack/linux-centos8-zen/gcc-8.5.0/gcc-10.2.0-45e5wvvp7hrukuqzrpcdzuzkwrpo2kil/lib/gcc/x86_64-pc-linux-gnu/10.2.0/crtend.o /lib/../lib64/crtn.o]
    arg [/home/ronak/dyninst-experiments/spack/opt/spack/linux-centos8-zen/gcc-8.5.0/gcc-10.2.0-45e5wvvp7hrukuqzrpcdzuzkwrpo2kil/libexec/gcc/x86_64-pc-linux-gnu/10.2.0/collect2] ==> ignore
    arg [-plugin] ==> ignore
    arg [/home/ronak/dyninst-experiments/spack/opt/spack/linux-centos8-zen/gcc-8.5.0/gcc-10.2.0-45e5wvvp7hrukuqzrpcdzuzkwrpo2kil/libexec/gcc/x86_64-pc-linux-gnu/10.2.0/liblto_plugin.so] ==> ignore
    arg [-plugin-opt=/home/ronak/dyninst-experiments/spack/opt/spack/linux-centos8-zen/gcc-8.5.0/gcc-10.2.0-45e5wvvp7hrukuqzrpcdzuzkwrpo2kil/libexec/gcc/x86_64-pc-linux-gnu/10.2.0/lto-wrapper] ==> ignore
    arg [-plugin-opt=-fresolution=/tmp/ccpIQNKZ.res] ==> ignore
    arg [-plugin-opt=-pass-through=-lgcc] ==> ignore
    arg [-plugin-opt=-pass-through=-lgcc_s] ==> ignore
    arg [-plugin-opt=-pass-through=-lc] ==> ignore
    arg [-plugin-opt=-pass-through=-lgcc] ==> ignore
    arg [-plugin-opt=-pass-through=-lgcc_s] ==> ignore
    arg [--eh-frame-hdr] ==> ignore
    arg [-m] ==> ignore
    arg [elf_x86_64] ==> ignore
    arg [-dynamic-linker] ==> ignore
    arg [/lib64/ld-linux-x86-64.so.2] ==> ignore
    arg [-o] ==> ignore
    arg [cmTC_10a76] ==> ignore
    arg [/lib/../lib64/crt1.o] ==> obj [/lib/../lib64/crt1.o]
    arg [/lib/../lib64/crti.o] ==> obj [/lib/../lib64/crti.o]
    arg [/home/ronak/dyninst-experiments/spack/opt/spack/linux-centos8-zen/gcc-8.5.0/gcc-10.2.0-45e5wvvp7hrukuqzrpcdzuzkwrpo2kil/lib/gcc/x86_64-pc-linux-gnu/10.2.0/crtbegin.o] ==> obj [/home/ronak/dyninst-experiments/spack/opt/spack/linux-centos8-zen/gcc-8.5.0/gcc-10.2.0-45e5wvvp7hrukuqzrpcdzuzkwrpo2kil/lib/gcc/x86_64-pc-linux-gnu/10.2.0/crtbegin.o]
    arg [-rpath] ==> ignore
    arg [/home/ronak/dyninst-experiments/spack/opt/spack/linux-centos8-zen/gcc-8.5.0/gcc-10.2.0-45e5wvvp7hrukuqzrpcdzuzkwrpo2kil/lib64] ==> ignore
    arg [-L/home/ronak/dyninst-experiments/spack/opt/spack/linux-centos8-zen/gcc-8.5.0/gcc-10.2.0-45e5wvvp7hrukuqzrpcdzuzkwrpo2kil/lib/gcc/x86_64-pc-linux-gnu/10.2.0] ==> dir [/home/ronak/dyninst-experiments/spack/opt/spack/linux-centos8-zen/gcc-8.5.0/gcc-10.2.0-45e5wvvp7hrukuqzrpcdzuzkwrpo2kil/lib/gcc/x86_64-pc-linux-gnu/10.2.0]
    arg [-L/home/ronak/dyninst-experiments/spack/opt/spack/linux-centos8-zen/gcc-8.5.0/gcc-10.2.0-45e5wvvp7hrukuqzrpcdzuzkwrpo2kil/lib/gcc/x86_64-pc-linux-gnu/10.2.0/../../../../lib64] ==> dir [/home/ronak/dyninst-experiments/spack/opt/spack/linux-centos8-zen/gcc-8.5.0/gcc-10.2.0-45e5wvvp7hrukuqzrpcdzuzkwrpo2kil/lib/gcc/x86_64-pc-linux-gnu/10.2.0/../../../../lib64]
    arg [-L/lib/../lib64] ==> dir [/lib/../lib64]
    arg [-L/usr/lib/../lib64] ==> dir [/usr/lib/../lib64]
    arg [-L/home/ronak/dyninst-experiments/spack/opt/spack/linux-centos8-zen/gcc-8.5.0/gcc-10.2.0-45e5wvvp7hrukuqzrpcdzuzkwrpo2kil/lib/gcc/x86_64-pc-linux-gnu/10.2.0/../../..] ==> dir [/home/ronak/dyninst-experiments/spack/opt/spack/linux-centos8-zen/gcc-8.5.0/gcc-10.2.0-45e5wvvp7hrukuqzrpcdzuzkwrpo2kil/lib/gcc/x86_64-pc-linux-gnu/10.2.0/../../..]
    arg [CMakeFiles/cmTC_10a76.dir/CMakeCCompilerABI.c.o] ==> ignore
    arg [-lgcc] ==> lib [gcc]
    arg [--push-state] ==> ignore
    arg [--as-needed] ==> ignore
    arg [-lgcc_s] ==> lib [gcc_s]
    arg [--pop-state] ==> ignore
    arg [-lc] ==> lib [c]
    arg [-lgcc] ==> lib [gcc]
    arg [--push-state] ==> ignore
    arg [--as-needed] ==> ignore
    arg [-lgcc_s] ==> lib [gcc_s]
    arg [--pop-state] ==> ignore
    arg [/home/ronak/dyninst-experiments/spack/opt/spack/linux-centos8-zen/gcc-8.5.0/gcc-10.2.0-45e5wvvp7hrukuqzrpcdzuzkwrpo2kil/lib/gcc/x86_64-pc-linux-gnu/10.2.0/crtend.o] ==> obj [/home/ronak/dyninst-experiments/spack/opt/spack/linux-centos8-zen/gcc-8.5.0/gcc-10.2.0-45e5wvvp7hrukuqzrpcdzuzkwrpo2kil/lib/gcc/x86_64-pc-linux-gnu/10.2.0/crtend.o]
    arg [/lib/../lib64/crtn.o] ==> obj [/lib/../lib64/crtn.o]
  collapse obj [/lib/../lib64/crt1.o] ==> [/lib64/crt1.o]
  collapse obj [/lib/../lib64/crti.o] ==> [/lib64/crti.o]
  collapse obj [/lib/../lib64/crtn.o] ==> [/lib64/crtn.o]
  collapse library dir [/home/ronak/dyninst-experiments/spack/opt/spack/linux-centos8-zen/gcc-8.5.0/gcc-10.2.0-45e5wvvp7hrukuqzrpcdzuzkwrpo2kil/lib/gcc/x86_64-pc-linux-gnu/10.2.0] ==> [/home/ronak/dyninst-experiments/spack/opt/spack/linux-centos8-zen/gcc-8.5.0/gcc-10.2.0-45e5wvvp7hrukuqzrpcdzuzkwrpo2kil/lib/gcc/x86_64-pc-linux-gnu/10.2.0]
  collapse library dir [/home/ronak/dyninst-experiments/spack/opt/spack/linux-centos8-zen/gcc-8.5.0/gcc-10.2.0-45e5wvvp7hrukuqzrpcdzuzkwrpo2kil/lib/gcc/x86_64-pc-linux-gnu/10.2.0/../../../../lib64] ==> [/home/ronak/dyninst-experiments/spack/opt/spack/linux-centos8-zen/gcc-8.5.0/gcc-10.2.0-45e5wvvp7hrukuqzrpcdzuzkwrpo2kil/lib64]
  collapse library dir [/lib/../lib64] ==> [/lib64]
  collapse library dir [/usr/lib/../lib64] ==> [/usr/lib64]
  collapse library dir [/home/ronak/dyninst-experiments/spack/opt/spack/linux-centos8-zen/gcc-8.5.0/gcc-10.2.0-45e5wvvp7hrukuqzrpcdzuzkwrpo2kil/lib/gcc/x86_64-pc-linux-gnu/10.2.0/../../..] ==> [/home/ronak/dyninst-experiments/spack/opt/spack/linux-centos8-zen/gcc-8.5.0/gcc-10.2.0-45e5wvvp7hrukuqzrpcdzuzkwrpo2kil/lib]
  implicit libs: [gcc;gcc_s;c;gcc;gcc_s]
  implicit objs: [/lib64/crt1.o;/lib64/crti.o;/home/ronak/dyninst-experiments/spack/opt/spack/linux-centos8-zen/gcc-8.5.0/gcc-10.2.0-45e5wvvp7hrukuqzrpcdzuzkwrpo2kil/lib/gcc/x86_64-pc-linux-gnu/10.2.0/crtbegin.o;/home/ronak/dyninst-experiments/spack/opt/spack/linux-centos8-zen/gcc-8.5.0/gcc-10.2.0-45e5wvvp7hrukuqzrpcdzuzkwrpo2kil/lib/gcc/x86_64-pc-linux-gnu/10.2.0/crtend.o;/lib64/crtn.o]
  implicit dirs: [/home/ronak/dyninst-experiments/spack/opt/spack/linux-centos8-zen/gcc-8.5.0/gcc-10.2.0-45e5wvvp7hrukuqzrpcdzuzkwrpo2kil/lib/gcc/x86_64-pc-linux-gnu/10.2.0;/home/ronak/dyninst-experiments/spack/opt/spack/linux-centos8-zen/gcc-8.5.0/gcc-10.2.0-45e5wvvp7hrukuqzrpcdzuzkwrpo2kil/lib64;/lib64;/usr/lib64;/home/ronak/dyninst-experiments/spack/opt/spack/linux-centos8-zen/gcc-8.5.0/gcc-10.2.0-45e5wvvp7hrukuqzrpcdzuzkwrpo2kil/lib]
  implicit fwks: []


Detecting CXX compiler ABI info compiled with the following output:
Change Dir: /home/ronak/dyninst-experiments/KernelReorderTool/simple/build/CMakeFiles/CMakeTmp

Run Build Command(s):/usr/bin/gmake -f Makefile cmTC_b88f4/fast && /usr/bin/gmake  -f CMakeFiles/cmTC_b88f4.dir/build.make CMakeFiles/cmTC_b88f4.dir/build
gmake[1]: Entering directory '/home/ronak/dyninst-experiments/KernelReorderTool/simple/build/CMakeFiles/CMakeTmp'
Building CXX object CMakeFiles/cmTC_b88f4.dir/CMakeCXXCompilerABI.cpp.o
/home/ronak/dyninst-experiments/spack/opt/spack/linux-centos8-zen/gcc-8.5.0/gcc-10.2.0-45e5wvvp7hrukuqzrpcdzuzkwrpo2kil/bin/g++   -v -o CMakeFiles/cmTC_b88f4.dir/CMakeCXXCompilerABI.cpp.o -c /usr/share/cmake/Modules/CMakeCXXCompilerABI.cpp
Reading specs from /home/ronak/dyninst-experiments/spack/opt/spack/linux-centos8-zen/gcc-8.5.0/gcc-10.2.0-45e5wvvp7hrukuqzrpcdzuzkwrpo2kil/lib/gcc/x86_64-pc-linux-gnu/10.2.0/specs
COLLECT_GCC=/home/ronak/dyninst-experiments/spack/opt/spack/linux-centos8-zen/gcc-8.5.0/gcc-10.2.0-45e5wvvp7hrukuqzrpcdzuzkwrpo2kil/bin/g++
Target: x86_64-pc-linux-gnu
Configured with: /tmp/ronak/spack-stage/spack-stage-gcc-10.2.0-45e5wvvp7hrukuqzrpcdzuzkwrpo2kil/spack-src/configure --prefix=/home/ronak/dyninst-experiments/spack/opt/spack/linux-centos8-zen/gcc-8.5.0/gcc-10.2.0-45e5wvvp7hrukuqzrpcdzuzkwrpo2kil --with-pkgversion='Spack GCC' --with-bugurl=https://github.com/spack/spack/issues --disable-multilib --enable-languages=c,c++,fortran --disable-nls --disable-canonical-system-headers --with-system-zlib --with-zstd-include=/home/ronak/dyninst-experiments/spack/opt/spack/linux-centos8-zen/gcc-8.5.0/zstd-1.5.2-tsp567qnxyykerfmclyj4wcsz26latzw/include --with-zstd-lib=/home/ronak/dyninst-experiments/spack/opt/spack/linux-centos8-zen/gcc-8.5.0/zstd-1.5.2-tsp567qnxyykerfmclyj4wcsz26latzw/lib --enable-bootstrap --with-mpfr-include=/home/ronak/dyninst-experiments/spack/opt/spack/linux-centos8-zen/gcc-8.5.0/mpfr-4.1.0-f3zq6koo6vfl5ngnwftqo4fi5w5zet3p/include --with-mpfr-lib=/home/ronak/dyninst-experiments/spack/opt/spack/linux-centos8-zen/gcc-8.5.0/mpfr-4.1.0-f3zq6koo6vfl5ngnwftqo4fi5w5zet3p/lib --with-gmp-include=/home/ronak/dyninst-experiments/spack/opt/spack/linux-centos8-zen/gcc-8.5.0/gmp-6.2.1-wy2vtmjvq7e56upskuhilpno2mzwc4rc/include --with-gmp-lib=/home/ronak/dyninst-experiments/spack/opt/spack/linux-centos8-zen/gcc-8.5.0/gmp-6.2.1-wy2vtmjvq7e56upskuhilpno2mzwc4rc/lib --with-mpc-include=/home/ronak/dyninst-experiments/spack/opt/spack/linux-centos8-zen/gcc-8.5.0/mpc-1.2.1-zg7f2yjyde5hdcyir4nthxavn4yxh7fe/include --with-mpc-lib=/home/ronak/dyninst-experiments/spack/opt/spack/linux-centos8-zen/gcc-8.5.0/mpc-1.2.1-zg7f2yjyde5hdcyir4nthxavn4yxh7fe/lib --without-isl --with-stage1-ldflags='-Wl,-rpath,/home/ronak/dyninst-experiments/spack/opt/spack/linux-centos8-zen/gcc-8.5.0/gcc-10.2.0-45e5wvvp7hrukuqzrpcdzuzkwrpo2kil/lib -Wl,-rpath,/home/ronak/dyninst-experiments/spack/opt/spack/linux-centos8-zen/gcc-8.5.0/gcc-10.2.0-45e5wvvp7hrukuqzrpcdzuzkwrpo2kil/lib64 -Wl,-rpath,/home/ronak/dyninst-experiments/spack/opt/spack/linux-centos8-zen/gcc-8.5.0/gmp-6.2.1-wy2vtmjvq7e56upskuhilpno2mzwc4rc/lib -Wl,-rpath,/home/ronak/dyninst-experiments/spack/opt/spack/linux-centos8-zen/gcc-8.5.0/mpc-1.2.1-zg7f2yjyde5hdcyir4nthxavn4yxh7fe/lib -Wl,-rpath,/home/ronak/dyninst-experiments/spack/opt/spack/linux-centos8-zen/gcc-8.5.0/mpfr-4.1.0-f3zq6koo6vfl5ngnwftqo4fi5w5zet3p/lib -Wl,-rpath,/home/ronak/dyninst-experiments/spack/opt/spack/linux-centos8-zen/gcc-8.5.0/zlib-1.2.13-l4tjcws5yisqclhch5as7a7joku7elub/lib -Wl,-rpath,/home/ronak/dyninst-experiments/spack/opt/spack/linux-centos8-zen/gcc-8.5.0/zstd-1.5.2-tsp567qnxyykerfmclyj4wcsz26latzw/lib' --with-boot-ldflags='-Wl,-rpath,/home/ronak/dyninst-experiments/spack/opt/spack/linux-centos8-zen/gcc-8.5.0/gcc-10.2.0-45e5wvvp7hrukuqzrpcdzuzkwrpo2kil/lib -Wl,-rpath,/home/ronak/dyninst-experiments/spack/opt/spack/linux-centos8-zen/gcc-8.5.0/gcc-10.2.0-45e5wvvp7hrukuqzrpcdzuzkwrpo2kil/lib64 -Wl,-rpath,/home/ronak/dyninst-experiments/spack/opt/spack/linux-centos8-zen/gcc-8.5.0/gmp-6.2.1-wy2vtmjvq7e56upskuhilpno2mzwc4rc/lib -Wl,-rpath,/home/ronak/dyninst-experiments/spack/opt/spack/linux-centos8-zen/gcc-8.5.0/mpc-1.2.1-zg7f2yjyde5hdcyir4nthxavn4yxh7fe/lib -Wl,-rpath,/home/ronak/dyninst-experiments/spack/opt/spack/linux-centos8-zen/gcc-8.5.0/mpfr-4.1.0-f3zq6koo6vfl5ngnwftqo4fi5w5zet3p/lib -Wl,-rpath,/home/ronak/dyninst-experiments/spack/opt/spack/linux-centos8-zen/gcc-8.5.0/zlib-1.2.13-l4tjcws5yisqclhch5as7a7joku7elub/lib -Wl,-rpath,/home/ronak/dyninst-experiments/spack/opt/spack/linux-centos8-zen/gcc-8.5.0/zstd-1.5.2-tsp567qnxyykerfmclyj4wcsz26latzw/lib -static-libstdc++ -static-libgcc' --with-build-config=spack
Thread model: posix
Supported LTO compression algorithms: zlib zstd
gcc version 10.2.0 (Spack GCC) 
COLLECT_GCC_OPTIONS='-v' '-o' 'CMakeFiles/cmTC_b88f4.dir/CMakeCXXCompilerABI.cpp.o' '-c' '-shared-libgcc' '-mtune=generic' '-march=x86-64'
 /home/ronak/dyninst-experiments/spack/opt/spack/linux-centos8-zen/gcc-8.5.0/gcc-10.2.0-45e5wvvp7hrukuqzrpcdzuzkwrpo2kil/libexec/gcc/x86_64-pc-linux-gnu/10.2.0/cc1plus -quiet -v -D_GNU_SOURCE /usr/share/cmake/Modules/CMakeCXXCompilerABI.cpp -quiet -dumpbase CMakeCXXCompilerABI.cpp -mtune=generic -march=x86-64 -auxbase-strip CMakeFiles/cmTC_b88f4.dir/CMakeCXXCompilerABI.cpp.o -version -o /tmp/ccHjjJxq.s
GNU C++14 (Spack GCC) version 10.2.0 (x86_64-pc-linux-gnu)
	compiled by GNU C version 10.2.0, GMP version 6.2.1, MPFR version 4.1.0, MPC version 1.2.1, isl version none
GGC heuristics: --param ggc-min-expand=100 --param ggc-min-heapsize=131072
ignoring nonexistent directory "/home/ronak/dyninst-experiments/spack/opt/spack/linux-centos8-zen/gcc-8.5.0/gcc-10.2.0-45e5wvvp7hrukuqzrpcdzuzkwrpo2kil/lib/gcc/x86_64-pc-linux-gnu/10.2.0/../../../../x86_64-pc-linux-gnu/include"
#include "..." search starts here:
#include <...> search starts here:
 /home/ronak/dyninst-experiments/spack/opt/spack/linux-centos8-zen/gcc-8.5.0/gcc-10.2.0-45e5wvvp7hrukuqzrpcdzuzkwrpo2kil/lib/gcc/x86_64-pc-linux-gnu/10.2.0/../../../../include/c++/10.2.0
 /home/ronak/dyninst-experiments/spack/opt/spack/linux-centos8-zen/gcc-8.5.0/gcc-10.2.0-45e5wvvp7hrukuqzrpcdzuzkwrpo2kil/lib/gcc/x86_64-pc-linux-gnu/10.2.0/../../../../include/c++/10.2.0/x86_64-pc-linux-gnu
 /home/ronak/dyninst-experiments/spack/opt/spack/linux-centos8-zen/gcc-8.5.0/gcc-10.2.0-45e5wvvp7hrukuqzrpcdzuzkwrpo2kil/lib/gcc/x86_64-pc-linux-gnu/10.2.0/../../../../include/c++/10.2.0/backward
 /home/ronak/dyninst-experiments/spack/opt/spack/linux-centos8-zen/gcc-8.5.0/gcc-10.2.0-45e5wvvp7hrukuqzrpcdzuzkwrpo2kil/lib/gcc/x86_64-pc-linux-gnu/10.2.0/include
 /usr/local/include
 /home/ronak/dyninst-experiments/spack/opt/spack/linux-centos8-zen/gcc-8.5.0/gcc-10.2.0-45e5wvvp7hrukuqzrpcdzuzkwrpo2kil/include
 /home/ronak/dyninst-experiments/spack/opt/spack/linux-centos8-zen/gcc-8.5.0/gcc-10.2.0-45e5wvvp7hrukuqzrpcdzuzkwrpo2kil/lib/gcc/x86_64-pc-linux-gnu/10.2.0/include-fixed
 /usr/include
End of search list.
GNU C++14 (Spack GCC) version 10.2.0 (x86_64-pc-linux-gnu)
	compiled by GNU C version 10.2.0, GMP version 6.2.1, MPFR version 4.1.0, MPC version 1.2.1, isl version none
GGC heuristics: --param ggc-min-expand=100 --param ggc-min-heapsize=131072
Compiler executable checksum: 2dfcac3984af6629993adfce33c43750
COLLECT_GCC_OPTIONS='-v' '-o' 'CMakeFiles/cmTC_b88f4.dir/CMakeCXXCompilerABI.cpp.o' '-c' '-shared-libgcc' '-mtune=generic' '-march=x86-64'
 as -v --64 -o CMakeFiles/cmTC_b88f4.dir/CMakeCXXCompilerABI.cpp.o /tmp/ccHjjJxq.s
GNU assembler version 2.30 (x86_64-redhat-linux) using BFD version version 2.30-108.el8_5.1
COMPILER_PATH=/home/ronak/dyninst-experiments/spack/opt/spack/linux-centos8-zen/gcc-8.5.0/gcc-10.2.0-45e5wvvp7hrukuqzrpcdzuzkwrpo2kil/libexec/gcc/x86_64-pc-linux-gnu/10.2.0/:/home/ronak/dyninst-experiments/spack/opt/spack/linux-centos8-zen/gcc-8.5.0/gcc-10.2.0-45e5wvvp7hrukuqzrpcdzuzkwrpo2kil/libexec/gcc/x86_64-pc-linux-gnu/10.2.0/:/home/ronak/dyninst-experiments/spack/opt/spack/linux-centos8-zen/gcc-8.5.0/gcc-10.2.0-45e5wvvp7hrukuqzrpcdzuzkwrpo2kil/libexec/gcc/x86_64-pc-linux-gnu/:/home/ronak/dyninst-experiments/spack/opt/spack/linux-centos8-zen/gcc-8.5.0/gcc-10.2.0-45e5wvvp7hrukuqzrpcdzuzkwrpo2kil/lib/gcc/x86_64-pc-linux-gnu/10.2.0/:/home/ronak/dyninst-experiments/spack/opt/spack/linux-centos8-zen/gcc-8.5.0/gcc-10.2.0-45e5wvvp7hrukuqzrpcdzuzkwrpo2kil/lib/gcc/x86_64-pc-linux-gnu/
LIBRARY_PATH=/home/ronak/dyninst-experiments/spack/opt/spack/linux-centos8-zen/gcc-8.5.0/gcc-10.2.0-45e5wvvp7hrukuqzrpcdzuzkwrpo2kil/lib/gcc/x86_64-pc-linux-gnu/10.2.0/:/home/ronak/dyninst-experiments/spack/opt/spack/linux-centos8-zen/gcc-8.5.0/gcc-10.2.0-45e5wvvp7hrukuqzrpcdzuzkwrpo2kil/lib/gcc/x86_64-pc-linux-gnu/10.2.0/../../../../lib64/:/lib/../lib64/:/usr/lib/../lib64/:/home/ronak/dyninst-experiments/spack/opt/spack/linux-centos8-zen/gcc-8.5.0/gcc-10.2.0-45e5wvvp7hrukuqzrpcdzuzkwrpo2kil/lib/gcc/x86_64-pc-linux-gnu/10.2.0/../../../:/lib/:/usr/lib/
COLLECT_GCC_OPTIONS='-v' '-o' 'CMakeFiles/cmTC_b88f4.dir/CMakeCXXCompilerABI.cpp.o' '-c' '-shared-libgcc' '-mtune=generic' '-march=x86-64'
Linking CXX executable cmTC_b88f4
/usr/bin/cmake -E cmake_link_script CMakeFiles/cmTC_b88f4.dir/link.txt --verbose=1
/home/ronak/dyninst-experiments/spack/opt/spack/linux-centos8-zen/gcc-8.5.0/gcc-10.2.0-45e5wvvp7hrukuqzrpcdzuzkwrpo2kil/bin/g++  -v CMakeFiles/cmTC_b88f4.dir/CMakeCXXCompilerABI.cpp.o -o cmTC_b88f4 
Reading specs from /home/ronak/dyninst-experiments/spack/opt/spack/linux-centos8-zen/gcc-8.5.0/gcc-10.2.0-45e5wvvp7hrukuqzrpcdzuzkwrpo2kil/lib/gcc/x86_64-pc-linux-gnu/10.2.0/specs
COLLECT_GCC=/home/ronak/dyninst-experiments/spack/opt/spack/linux-centos8-zen/gcc-8.5.0/gcc-10.2.0-45e5wvvp7hrukuqzrpcdzuzkwrpo2kil/bin/g++
COLLECT_LTO_WRAPPER=/home/ronak/dyninst-experiments/spack/opt/spack/linux-centos8-zen/gcc-8.5.0/gcc-10.2.0-45e5wvvp7hrukuqzrpcdzuzkwrpo2kil/libexec/gcc/x86_64-pc-linux-gnu/10.2.0/lto-wrapper
Target: x86_64-pc-linux-gnu
Configured with: /tmp/ronak/spack-stage/spack-stage-gcc-10.2.0-45e5wvvp7hrukuqzrpcdzuzkwrpo2kil/spack-src/configure --prefix=/home/ronak/dyninst-experiments/spack/opt/spack/linux-centos8-zen/gcc-8.5.0/gcc-10.2.0-45e5wvvp7hrukuqzrpcdzuzkwrpo2kil --with-pkgversion='Spack GCC' --with-bugurl=https://github.com/spack/spack/issues --disable-multilib --enable-languages=c,c++,fortran --disable-nls --disable-canonical-system-headers --with-system-zlib --with-zstd-include=/home/ronak/dyninst-experiments/spack/opt/spack/linux-centos8-zen/gcc-8.5.0/zstd-1.5.2-tsp567qnxyykerfmclyj4wcsz26latzw/include --with-zstd-lib=/home/ronak/dyninst-experiments/spack/opt/spack/linux-centos8-zen/gcc-8.5.0/zstd-1.5.2-tsp567qnxyykerfmclyj4wcsz26latzw/lib --enable-bootstrap --with-mpfr-include=/home/ronak/dyninst-experiments/spack/opt/spack/linux-centos8-zen/gcc-8.5.0/mpfr-4.1.0-f3zq6koo6vfl5ngnwftqo4fi5w5zet3p/include --with-mpfr-lib=/home/ronak/dyninst-experiments/spack/opt/spack/linux-centos8-zen/gcc-8.5.0/mpfr-4.1.0-f3zq6koo6vfl5ngnwftqo4fi5w5zet3p/lib --with-gmp-include=/home/ronak/dyninst-experiments/spack/opt/spack/linux-centos8-zen/gcc-8.5.0/gmp-6.2.1-wy2vtmjvq7e56upskuhilpno2mzwc4rc/include --with-gmp-lib=/home/ronak/dyninst-experiments/spack/opt/spack/linux-centos8-zen/gcc-8.5.0/gmp-6.2.1-wy2vtmjvq7e56upskuhilpno2mzwc4rc/lib --with-mpc-include=/home/ronak/dyninst-experiments/spack/opt/spack/linux-centos8-zen/gcc-8.5.0/mpc-1.2.1-zg7f2yjyde5hdcyir4nthxavn4yxh7fe/include --with-mpc-lib=/home/ronak/dyninst-experiments/spack/opt/spack/linux-centos8-zen/gcc-8.5.0/mpc-1.2.1-zg7f2yjyde5hdcyir4nthxavn4yxh7fe/lib --without-isl --with-stage1-ldflags='-Wl,-rpath,/home/ronak/dyninst-experiments/spack/opt/spack/linux-centos8-zen/gcc-8.5.0/gcc-10.2.0-45e5wvvp7hrukuqzrpcdzuzkwrpo2kil/lib -Wl,-rpath,/home/ronak/dyninst-experiments/spack/opt/spack/linux-centos8-zen/gcc-8.5.0/gcc-10.2.0-45e5wvvp7hrukuqzrpcdzuzkwrpo2kil/lib64 -Wl,-rpath,/home/ronak/dyninst-experiments/spack/opt/spack/linux-centos8-zen/gcc-8.5.0/gmp-6.2.1-wy2vtmjvq7e56upskuhilpno2mzwc4rc/lib -Wl,-rpath,/home/ronak/dyninst-experiments/spack/opt/spack/linux-centos8-zen/gcc-8.5.0/mpc-1.2.1-zg7f2yjyde5hdcyir4nthxavn4yxh7fe/lib -Wl,-rpath,/home/ronak/dyninst-experiments/spack/opt/spack/linux-centos8-zen/gcc-8.5.0/mpfr-4.1.0-f3zq6koo6vfl5ngnwftqo4fi5w5zet3p/lib -Wl,-rpath,/home/ronak/dyninst-experiments/spack/opt/spack/linux-centos8-zen/gcc-8.5.0/zlib-1.2.13-l4tjcws5yisqclhch5as7a7joku7elub/lib -Wl,-rpath,/home/ronak/dyninst-experiments/spack/opt/spack/linux-centos8-zen/gcc-8.5.0/zstd-1.5.2-tsp567qnxyykerfmclyj4wcsz26latzw/lib' --with-boot-ldflags='-Wl,-rpath,/home/ronak/dyninst-experiments/spack/opt/spack/linux-centos8-zen/gcc-8.5.0/gcc-10.2.0-45e5wvvp7hrukuqzrpcdzuzkwrpo2kil/lib -Wl,-rpath,/home/ronak/dyninst-experiments/spack/opt/spack/linux-centos8-zen/gcc-8.5.0/gcc-10.2.0-45e5wvvp7hrukuqzrpcdzuzkwrpo2kil/lib64 -Wl,-rpath,/home/ronak/dyninst-experiments/spack/opt/spack/linux-centos8-zen/gcc-8.5.0/gmp-6.2.1-wy2vtmjvq7e56upskuhilpno2mzwc4rc/lib -Wl,-rpath,/home/ronak/dyninst-experiments/spack/opt/spack/linux-centos8-zen/gcc-8.5.0/mpc-1.2.1-zg7f2yjyde5hdcyir4nthxavn4yxh7fe/lib -Wl,-rpath,/home/ronak/dyninst-experiments/spack/opt/spack/linux-centos8-zen/gcc-8.5.0/mpfr-4.1.0-f3zq6koo6vfl5ngnwftqo4fi5w5zet3p/lib -Wl,-rpath,/home/ronak/dyninst-experiments/spack/opt/spack/linux-centos8-zen/gcc-8.5.0/zlib-1.2.13-l4tjcws5yisqclhch5as7a7joku7elub/lib -Wl,-rpath,/home/ronak/dyninst-experiments/spack/opt/spack/linux-centos8-zen/gcc-8.5.0/zstd-1.5.2-tsp567qnxyykerfmclyj4wcsz26latzw/lib -static-libstdc++ -static-libgcc' --with-build-config=spack
Thread model: posix
Supported LTO compression algorithms: zlib zstd
gcc version 10.2.0 (Spack GCC) 
COMPILER_PATH=/home/ronak/dyninst-experiments/spack/opt/spack/linux-centos8-zen/gcc-8.5.0/gcc-10.2.0-45e5wvvp7hrukuqzrpcdzuzkwrpo2kil/libexec/gcc/x86_64-pc-linux-gnu/10.2.0/:/home/ronak/dyninst-experiments/spack/opt/spack/linux-centos8-zen/gcc-8.5.0/gcc-10.2.0-45e5wvvp7hrukuqzrpcdzuzkwrpo2kil/libexec/gcc/x86_64-pc-linux-gnu/10.2.0/:/home/ronak/dyninst-experiments/spack/opt/spack/linux-centos8-zen/gcc-8.5.0/gcc-10.2.0-45e5wvvp7hrukuqzrpcdzuzkwrpo2kil/libexec/gcc/x86_64-pc-linux-gnu/:/home/ronak/dyninst-experiments/spack/opt/spack/linux-centos8-zen/gcc-8.5.0/gcc-10.2.0-45e5wvvp7hrukuqzrpcdzuzkwrpo2kil/lib/gcc/x86_64-pc-linux-gnu/10.2.0/:/home/ronak/dyninst-experiments/spack/opt/spack/linux-centos8-zen/gcc-8.5.0/gcc-10.2.0-45e5wvvp7hrukuqzrpcdzuzkwrpo2kil/lib/gcc/x86_64-pc-linux-gnu/
LIBRARY_PATH=/home/ronak/dyninst-experiments/spack/opt/spack/linux-centos8-zen/gcc-8.5.0/gcc-10.2.0-45e5wvvp7hrukuqzrpcdzuzkwrpo2kil/lib/gcc/x86_64-pc-linux-gnu/10.2.0/:/home/ronak/dyninst-experiments/spack/opt/spack/linux-centos8-zen/gcc-8.5.0/gcc-10.2.0-45e5wvvp7hrukuqzrpcdzuzkwrpo2kil/lib/gcc/x86_64-pc-linux-gnu/10.2.0/../../../../lib64/:/lib/../lib64/:/usr/lib/../lib64/:/home/ronak/dyninst-experiments/spack/opt/spack/linux-centos8-zen/gcc-8.5.0/gcc-10.2.0-45e5wvvp7hrukuqzrpcdzuzkwrpo2kil/lib/gcc/x86_64-pc-linux-gnu/10.2.0/../../../:/lib/:/usr/lib/
COLLECT_GCC_OPTIONS='-v' '-o' 'cmTC_b88f4' '-shared-libgcc' '-mtune=generic' '-march=x86-64'
 /home/ronak/dyninst-experiments/spack/opt/spack/linux-centos8-zen/gcc-8.5.0/gcc-10.2.0-45e5wvvp7hrukuqzrpcdzuzkwrpo2kil/libexec/gcc/x86_64-pc-linux-gnu/10.2.0/collect2 -plugin /home/ronak/dyninst-experiments/spack/opt/spack/linux-centos8-zen/gcc-8.5.0/gcc-10.2.0-45e5wvvp7hrukuqzrpcdzuzkwrpo2kil/libexec/gcc/x86_64-pc-linux-gnu/10.2.0/liblto_plugin.so -plugin-opt=/home/ronak/dyninst-experiments/spack/opt/spack/linux-centos8-zen/gcc-8.5.0/gcc-10.2.0-45e5wvvp7hrukuqzrpcdzuzkwrpo2kil/libexec/gcc/x86_64-pc-linux-gnu/10.2.0/lto-wrapper -plugin-opt=-fresolution=/tmp/ccGP1O0P.res -plugin-opt=-pass-through=-lgcc_s -plugin-opt=-pass-through=-lgcc -plugin-opt=-pass-through=-lc -plugin-opt=-pass-through=-lgcc_s -plugin-opt=-pass-through=-lgcc --eh-frame-hdr -m elf_x86_64 -dynamic-linker /lib64/ld-linux-x86-64.so.2 -o cmTC_b88f4 /lib/../lib64/crt1.o /lib/../lib64/crti.o /home/ronak/dyninst-experiments/spack/opt/spack/linux-centos8-zen/gcc-8.5.0/gcc-10.2.0-45e5wvvp7hrukuqzrpcdzuzkwrpo2kil/lib/gcc/x86_64-pc-linux-gnu/10.2.0/crtbegin.o -rpath /home/ronak/dyninst-experiments/spack/opt/spack/linux-centos8-zen/gcc-8.5.0/gcc-10.2.0-45e5wvvp7hrukuqzrpcdzuzkwrpo2kil/lib64 -L/home/ronak/dyninst-experiments/spack/opt/spack/linux-centos8-zen/gcc-8.5.0/gcc-10.2.0-45e5wvvp7hrukuqzrpcdzuzkwrpo2kil/lib/gcc/x86_64-pc-linux-gnu/10.2.0 -L/home/ronak/dyninst-experiments/spack/opt/spack/linux-centos8-zen/gcc-8.5.0/gcc-10.2.0-45e5wvvp7hrukuqzrpcdzuzkwrpo2kil/lib/gcc/x86_64-pc-linux-gnu/10.2.0/../../../../lib64 -L/lib/../lib64 -L/usr/lib/../lib64 -L/home/ronak/dyninst-experiments/spack/opt/spack/linux-centos8-zen/gcc-8.5.0/gcc-10.2.0-45e5wvvp7hrukuqzrpcdzuzkwrpo2kil/lib/gcc/x86_64-pc-linux-gnu/10.2.0/../../.. CMakeFiles/cmTC_b88f4.dir/CMakeCXXCompilerABI.cpp.o -lstdc++ -lm -lgcc_s -lgcc -lc -lgcc_s -lgcc /home/ronak/dyninst-experiments/spack/opt/spack/linux-centos8-zen/gcc-8.5.0/gcc-10.2.0-45e5wvvp7hrukuqzrpcdzuzkwrpo2kil/lib/gcc/x86_64-pc-linux-gnu/10.2.0/crtend.o /lib/../lib64/crtn.o
COLLECT_GCC_OPTIONS='-v' '-o' 'cmTC_b88f4' '-shared-libgcc' '-mtune=generic' '-march=x86-64'
gmake[1]: Leaving directory '/home/ronak/dyninst-experiments/KernelReorderTool/simple/build/CMakeFiles/CMakeTmp'



Parsed CXX implicit include dir info from above output: rv=done
  found start of include info
  found start of implicit include info
    add: [/home/ronak/dyninst-experiments/spack/opt/spack/linux-centos8-zen/gcc-8.5.0/gcc-10.2.0-45e5wvvp7hrukuqzrpcdzuzkwrpo2kil/lib/gcc/x86_64-pc-linux-gnu/10.2.0/../../../../include/c++/10.2.0]
    add: [/home/ronak/dyninst-experiments/spack/opt/spack/linux-centos8-zen/gcc-8.5.0/gcc-10.2.0-45e5wvvp7hrukuqzrpcdzuzkwrpo2kil/lib/gcc/x86_64-pc-linux-gnu/10.2.0/../../../../include/c++/10.2.0/x86_64-pc-linux-gnu]
    add: [/home/ronak/dyninst-experiments/spack/opt/spack/linux-centos8-zen/gcc-8.5.0/gcc-10.2.0-45e5wvvp7hrukuqzrpcdzuzkwrpo2kil/lib/gcc/x86_64-pc-linux-gnu/10.2.0/../../../../include/c++/10.2.0/backward]
    add: [/home/ronak/dyninst-experiments/spack/opt/spack/linux-centos8-zen/gcc-8.5.0/gcc-10.2.0-45e5wvvp7hrukuqzrpcdzuzkwrpo2kil/lib/gcc/x86_64-pc-linux-gnu/10.2.0/include]
    add: [/usr/local/include]
    add: [/home/ronak/dyninst-experiments/spack/opt/spack/linux-centos8-zen/gcc-8.5.0/gcc-10.2.0-45e5wvvp7hrukuqzrpcdzuzkwrpo2kil/include]
    add: [/home/ronak/dyninst-experiments/spack/opt/spack/linux-centos8-zen/gcc-8.5.0/gcc-10.2.0-45e5wvvp7hrukuqzrpcdzuzkwrpo2kil/lib/gcc/x86_64-pc-linux-gnu/10.2.0/include-fixed]
    add: [/usr/include]
  end of search list found
  collapse include dir [/home/ronak/dyninst-experiments/spack/opt/spack/linux-centos8-zen/gcc-8.5.0/gcc-10.2.0-45e5wvvp7hrukuqzrpcdzuzkwrpo2kil/lib/gcc/x86_64-pc-linux-gnu/10.2.0/../../../../include/c++/10.2.0] ==> [/home/ronak/dyninst-experiments/spack/opt/spack/linux-centos8-zen/gcc-8.5.0/gcc-10.2.0-45e5wvvp7hrukuqzrpcdzuzkwrpo2kil/include/c++/10.2.0]
  collapse include dir [/home/ronak/dyninst-experiments/spack/opt/spack/linux-centos8-zen/gcc-8.5.0/gcc-10.2.0-45e5wvvp7hrukuqzrpcdzuzkwrpo2kil/lib/gcc/x86_64-pc-linux-gnu/10.2.0/../../../../include/c++/10.2.0/x86_64-pc-linux-gnu] ==> [/home/ronak/dyninst-experiments/spack/opt/spack/linux-centos8-zen/gcc-8.5.0/gcc-10.2.0-45e5wvvp7hrukuqzrpcdzuzkwrpo2kil/include/c++/10.2.0/x86_64-pc-linux-gnu]
  collapse include dir [/home/ronak/dyninst-experiments/spack/opt/spack/linux-centos8-zen/gcc-8.5.0/gcc-10.2.0-45e5wvvp7hrukuqzrpcdzuzkwrpo2kil/lib/gcc/x86_64-pc-linux-gnu/10.2.0/../../../../include/c++/10.2.0/backward] ==> [/home/ronak/dyninst-experiments/spack/opt/spack/linux-centos8-zen/gcc-8.5.0/gcc-10.2.0-45e5wvvp7hrukuqzrpcdzuzkwrpo2kil/include/c++/10.2.0/backward]
  collapse include dir [/home/ronak/dyninst-experiments/spack/opt/spack/linux-centos8-zen/gcc-8.5.0/gcc-10.2.0-45e5wvvp7hrukuqzrpcdzuzkwrpo2kil/lib/gcc/x86_64-pc-linux-gnu/10.2.0/include] ==> [/home/ronak/dyninst-experiments/spack/opt/spack/linux-centos8-zen/gcc-8.5.0/gcc-10.2.0-45e5wvvp7hrukuqzrpcdzuzkwrpo2kil/lib/gcc/x86_64-pc-linux-gnu/10.2.0/include]
  collapse include dir [/usr/local/include] ==> [/usr/local/include]
  collapse include dir [/home/ronak/dyninst-experiments/spack/opt/spack/linux-centos8-zen/gcc-8.5.0/gcc-10.2.0-45e5wvvp7hrukuqzrpcdzuzkwrpo2kil/include] ==> [/home/ronak/dyninst-experiments/spack/opt/spack/linux-centos8-zen/gcc-8.5.0/gcc-10.2.0-45e5wvvp7hrukuqzrpcdzuzkwrpo2kil/include]
  collapse include dir [/home/ronak/dyninst-experiments/spack/opt/spack/linux-centos8-zen/gcc-8.5.0/gcc-10.2.0-45e5wvvp7hrukuqzrpcdzuzkwrpo2kil/lib/gcc/x86_64-pc-linux-gnu/10.2.0/include-fixed] ==> [/home/ronak/dyninst-experiments/spack/opt/spack/linux-centos8-zen/gcc-8.5.0/gcc-10.2.0-45e5wvvp7hrukuqzrpcdzuzkwrpo2kil/lib/gcc/x86_64-pc-linux-gnu/10.2.0/include-fixed]
  collapse include dir [/usr/include] ==> [/usr/include]
  implicit include dirs: [/home/ronak/dyninst-experiments/spack/opt/spack/linux-centos8-zen/gcc-8.5.0/gcc-10.2.0-45e5wvvp7hrukuqzrpcdzuzkwrpo2kil/include/c++/10.2.0;/home/ronak/dyninst-experiments/spack/opt/spack/linux-centos8-zen/gcc-8.5.0/gcc-10.2.0-45e5wvvp7hrukuqzrpcdzuzkwrpo2kil/include/c++/10.2.0/x86_64-pc-linux-gnu;/home/ronak/dyninst-experiments/spack/opt/spack/linux-centos8-zen/gcc-8.5.0/gcc-10.2.0-45e5wvvp7hrukuqzrpcdzuzkwrpo2kil/include/c++/10.2.0/backward;/home/ronak/dyninst-experiments/spack/opt/spack/linux-centos8-zen/gcc-8.5.0/gcc-10.2.0-45e5wvvp7hrukuqzrpcdzuzkwrpo2kil/lib/gcc/x86_64-pc-linux-gnu/10.2.0/include;/usr/local/include;/home/ronak/dyninst-experiments/spack/opt/spack/linux-centos8-zen/gcc-8.5.0/gcc-10.2.0-45e5wvvp7hrukuqzrpcdzuzkwrpo2kil/include;/home/ronak/dyninst-experiments/spack/opt/spack/linux-centos8-zen/gcc-8.5.0/gcc-10.2.0-45e5wvvp7hrukuqzrpcdzuzkwrpo2kil/lib/gcc/x86_64-pc-linux-gnu/10.2.0/include-fixed;/usr/include]


Parsed CXX implicit link information from above output:
  link line regex: [^( *|.*[/\])(ld|CMAKE_LINK_STARTFILE-NOTFOUND|([^/\]+-)?ld|collect2)[^/\]*( |$)]
  ignore line: [Change Dir: /home/ronak/dyninst-experiments/KernelReorderTool/simple/build/CMakeFiles/CMakeTmp]
  ignore line: []
  ignore line: [Run Build Command(s):/usr/bin/gmake -f Makefile cmTC_b88f4/fast && /usr/bin/gmake  -f CMakeFiles/cmTC_b88f4.dir/build.make CMakeFiles/cmTC_b88f4.dir/build]
  ignore line: [gmake[1]: Entering directory '/home/ronak/dyninst-experiments/KernelReorderTool/simple/build/CMakeFiles/CMakeTmp']
  ignore line: [Building CXX object CMakeFiles/cmTC_b88f4.dir/CMakeCXXCompilerABI.cpp.o]
  ignore line: [/home/ronak/dyninst-experiments/spack/opt/spack/linux-centos8-zen/gcc-8.5.0/gcc-10.2.0-45e5wvvp7hrukuqzrpcdzuzkwrpo2kil/bin/g++   -v -o CMakeFiles/cmTC_b88f4.dir/CMakeCXXCompilerABI.cpp.o -c /usr/share/cmake/Modules/CMakeCXXCompilerABI.cpp]
  ignore line: [Reading specs from /home/ronak/dyninst-experiments/spack/opt/spack/linux-centos8-zen/gcc-8.5.0/gcc-10.2.0-45e5wvvp7hrukuqzrpcdzuzkwrpo2kil/lib/gcc/x86_64-pc-linux-gnu/10.2.0/specs]
  ignore line: [COLLECT_GCC=/home/ronak/dyninst-experiments/spack/opt/spack/linux-centos8-zen/gcc-8.5.0/gcc-10.2.0-45e5wvvp7hrukuqzrpcdzuzkwrpo2kil/bin/g++]
  ignore line: [Target: x86_64-pc-linux-gnu]
  ignore line: [Configured with: /tmp/ronak/spack-stage/spack-stage-gcc-10.2.0-45e5wvvp7hrukuqzrpcdzuzkwrpo2kil/spack-src/configure --prefix=/home/ronak/dyninst-experiments/spack/opt/spack/linux-centos8-zen/gcc-8.5.0/gcc-10.2.0-45e5wvvp7hrukuqzrpcdzuzkwrpo2kil --with-pkgversion='Spack GCC' --with-bugurl=https://github.com/spack/spack/issues --disable-multilib --enable-languages=c c++ fortran --disable-nls --disable-canonical-system-headers --with-system-zlib --with-zstd-include=/home/ronak/dyninst-experiments/spack/opt/spack/linux-centos8-zen/gcc-8.5.0/zstd-1.5.2-tsp567qnxyykerfmclyj4wcsz26latzw/include --with-zstd-lib=/home/ronak/dyninst-experiments/spack/opt/spack/linux-centos8-zen/gcc-8.5.0/zstd-1.5.2-tsp567qnxyykerfmclyj4wcsz26latzw/lib --enable-bootstrap --with-mpfr-include=/home/ronak/dyninst-experiments/spack/opt/spack/linux-centos8-zen/gcc-8.5.0/mpfr-4.1.0-f3zq6koo6vfl5ngnwftqo4fi5w5zet3p/include --with-mpfr-lib=/home/ronak/dyninst-experiments/spack/opt/spack/linux-centos8-zen/gcc-8.5.0/mpfr-4.1.0-f3zq6koo6vfl5ngnwftqo4fi5w5zet3p/lib --with-gmp-include=/home/ronak/dyninst-experiments/spack/opt/spack/linux-centos8-zen/gcc-8.5.0/gmp-6.2.1-wy2vtmjvq7e56upskuhilpno2mzwc4rc/include --with-gmp-lib=/home/ronak/dyninst-experiments/spack/opt/spack/linux-centos8-zen/gcc-8.5.0/gmp-6.2.1-wy2vtmjvq7e56upskuhilpno2mzwc4rc/lib --with-mpc-include=/home/ronak/dyninst-experiments/spack/opt/spack/linux-centos8-zen/gcc-8.5.0/mpc-1.2.1-zg7f2yjyde5hdcyir4nthxavn4yxh7fe/include --with-mpc-lib=/home/ronak/dyninst-experiments/spack/opt/spack/linux-centos8-zen/gcc-8.5.0/mpc-1.2.1-zg7f2yjyde5hdcyir4nthxavn4yxh7fe/lib --without-isl --with-stage1-ldflags='-Wl -rpath /home/ronak/dyninst-experiments/spack/opt/spack/linux-centos8-zen/gcc-8.5.0/gcc-10.2.0-45e5wvvp7hrukuqzrpcdzuzkwrpo2kil/lib -Wl -rpath /home/ronak/dyninst-experiments/spack/opt/spack/linux-centos8-zen/gcc-8.5.0/gcc-10.2.0-45e5wvvp7hrukuqzrpcdzuzkwrpo2kil/lib64 -Wl -rpath /home/ronak/dyninst-experiments/spack/opt/spack/linux-centos8-zen/gcc-8.5.0/gmp-6.2.1-wy2vtmjvq7e56upskuhilpno2mzwc4rc/lib -Wl -rpath /home/ronak/dyninst-experiments/spack/opt/spack/linux-centos8-zen/gcc-8.5.0/mpc-1.2.1-zg7f2yjyde5hdcyir4nthxavn4yxh7fe/lib -Wl -rpath /home/ronak/dyninst-experiments/spack/opt/spack/linux-centos8-zen/gcc-8.5.0/mpfr-4.1.0-f3zq6koo6vfl5ngnwftqo4fi5w5zet3p/lib -Wl -rpath /home/ronak/dyninst-experiments/spack/opt/spack/linux-centos8-zen/gcc-8.5.0/zlib-1.2.13-l4tjcws5yisqclhch5as7a7joku7elub/lib -Wl -rpath /home/ronak/dyninst-experiments/spack/opt/spack/linux-centos8-zen/gcc-8.5.0/zstd-1.5.2-tsp567qnxyykerfmclyj4wcsz26latzw/lib' --with-boot-ldflags='-Wl -rpath /home/ronak/dyninst-experiments/spack/opt/spack/linux-centos8-zen/gcc-8.5.0/gcc-10.2.0-45e5wvvp7hrukuqzrpcdzuzkwrpo2kil/lib -Wl -rpath /home/ronak/dyninst-experiments/spack/opt/spack/linux-centos8-zen/gcc-8.5.0/gcc-10.2.0-45e5wvvp7hrukuqzrpcdzuzkwrpo2kil/lib64 -Wl -rpath /home/ronak/dyninst-experiments/spack/opt/spack/linux-centos8-zen/gcc-8.5.0/gmp-6.2.1-wy2vtmjvq7e56upskuhilpno2mzwc4rc/lib -Wl -rpath /home/ronak/dyninst-experiments/spack/opt/spack/linux-centos8-zen/gcc-8.5.0/mpc-1.2.1-zg7f2yjyde5hdcyir4nthxavn4yxh7fe/lib -Wl -rpath /home/ronak/dyninst-experiments/spack/opt/spack/linux-centos8-zen/gcc-8.5.0/mpfr-4.1.0-f3zq6koo6vfl5ngnwftqo4fi5w5zet3p/lib -Wl -rpath /home/ronak/dyninst-experiments/spack/opt/spack/linux-centos8-zen/gcc-8.5.0/zlib-1.2.13-l4tjcws5yisqclhch5as7a7joku7elub/lib -Wl -rpath /home/ronak/dyninst-experiments/spack/opt/spack/linux-centos8-zen/gcc-8.5.0/zstd-1.5.2-tsp567qnxyykerfmclyj4wcsz26latzw/lib -static-libstdc++ -static-libgcc' --with-build-config=spack]
  ignore line: [Thread model: posix]
  ignore line: [Supported LTO compression algorithms: zlib zstd]
  ignore line: [gcc version 10.2.0 (Spack GCC) ]
  ignore line: [COLLECT_GCC_OPTIONS='-v' '-o' 'CMakeFiles/cmTC_b88f4.dir/CMakeCXXCompilerABI.cpp.o' '-c' '-shared-libgcc' '-mtune=generic' '-march=x86-64']
  ignore line: [ /home/ronak/dyninst-experiments/spack/opt/spack/linux-centos8-zen/gcc-8.5.0/gcc-10.2.0-45e5wvvp7hrukuqzrpcdzuzkwrpo2kil/libexec/gcc/x86_64-pc-linux-gnu/10.2.0/cc1plus -quiet -v -D_GNU_SOURCE /usr/share/cmake/Modules/CMakeCXXCompilerABI.cpp -quiet -dumpbase CMakeCXXCompilerABI.cpp -mtune=generic -march=x86-64 -auxbase-strip CMakeFiles/cmTC_b88f4.dir/CMakeCXXCompilerABI.cpp.o -version -o /tmp/ccHjjJxq.s]
  ignore line: [GNU C++14 (Spack GCC) version 10.2.0 (x86_64-pc-linux-gnu)]
  ignore line: [	compiled by GNU C version 10.2.0  GMP version 6.2.1  MPFR version 4.1.0  MPC version 1.2.1  isl version none]
  ignore line: [GGC heuristics: --param ggc-min-expand=100 --param ggc-min-heapsize=131072]
  ignore line: [ignoring nonexistent directory "/home/ronak/dyninst-experiments/spack/opt/spack/linux-centos8-zen/gcc-8.5.0/gcc-10.2.0-45e5wvvp7hrukuqzrpcdzuzkwrpo2kil/lib/gcc/x86_64-pc-linux-gnu/10.2.0/../../../../x86_64-pc-linux-gnu/include"]
  ignore line: [#include "..." search starts here:]
  ignore line: [#include <...> search starts here:]
  ignore line: [ /home/ronak/dyninst-experiments/spack/opt/spack/linux-centos8-zen/gcc-8.5.0/gcc-10.2.0-45e5wvvp7hrukuqzrpcdzuzkwrpo2kil/lib/gcc/x86_64-pc-linux-gnu/10.2.0/../../../../include/c++/10.2.0]
  ignore line: [ /home/ronak/dyninst-experiments/spack/opt/spack/linux-centos8-zen/gcc-8.5.0/gcc-10.2.0-45e5wvvp7hrukuqzrpcdzuzkwrpo2kil/lib/gcc/x86_64-pc-linux-gnu/10.2.0/../../../../include/c++/10.2.0/x86_64-pc-linux-gnu]
  ignore line: [ /home/ronak/dyninst-experiments/spack/opt/spack/linux-centos8-zen/gcc-8.5.0/gcc-10.2.0-45e5wvvp7hrukuqzrpcdzuzkwrpo2kil/lib/gcc/x86_64-pc-linux-gnu/10.2.0/../../../../include/c++/10.2.0/backward]
  ignore line: [ /home/ronak/dyninst-experiments/spack/opt/spack/linux-centos8-zen/gcc-8.5.0/gcc-10.2.0-45e5wvvp7hrukuqzrpcdzuzkwrpo2kil/lib/gcc/x86_64-pc-linux-gnu/10.2.0/include]
  ignore line: [ /usr/local/include]
  ignore line: [ /home/ronak/dyninst-experiments/spack/opt/spack/linux-centos8-zen/gcc-8.5.0/gcc-10.2.0-45e5wvvp7hrukuqzrpcdzuzkwrpo2kil/include]
  ignore line: [ /home/ronak/dyninst-experiments/spack/opt/spack/linux-centos8-zen/gcc-8.5.0/gcc-10.2.0-45e5wvvp7hrukuqzrpcdzuzkwrpo2kil/lib/gcc/x86_64-pc-linux-gnu/10.2.0/include-fixed]
  ignore line: [ /usr/include]
  ignore line: [End of search list.]
  ignore line: [GNU C++14 (Spack GCC) version 10.2.0 (x86_64-pc-linux-gnu)]
  ignore line: [	compiled by GNU C version 10.2.0  GMP version 6.2.1  MPFR version 4.1.0  MPC version 1.2.1  isl version none]
  ignore line: [GGC heuristics: --param ggc-min-expand=100 --param ggc-min-heapsize=131072]
  ignore line: [Compiler executable checksum: 2dfcac3984af6629993adfce33c43750]
  ignore line: [COLLECT_GCC_OPTIONS='-v' '-o' 'CMakeFiles/cmTC_b88f4.dir/CMakeCXXCompilerABI.cpp.o' '-c' '-shared-libgcc' '-mtune=generic' '-march=x86-64']
  ignore line: [ as -v --64 -o CMakeFiles/cmTC_b88f4.dir/CMakeCXXCompilerABI.cpp.o /tmp/ccHjjJxq.s]
  ignore line: [GNU assembler version 2.30 (x86_64-redhat-linux) using BFD version version 2.30-108.el8_5.1]
  ignore line: [COMPILER_PATH=/home/ronak/dyninst-experiments/spack/opt/spack/linux-centos8-zen/gcc-8.5.0/gcc-10.2.0-45e5wvvp7hrukuqzrpcdzuzkwrpo2kil/libexec/gcc/x86_64-pc-linux-gnu/10.2.0/:/home/ronak/dyninst-experiments/spack/opt/spack/linux-centos8-zen/gcc-8.5.0/gcc-10.2.0-45e5wvvp7hrukuqzrpcdzuzkwrpo2kil/libexec/gcc/x86_64-pc-linux-gnu/10.2.0/:/home/ronak/dyninst-experiments/spack/opt/spack/linux-centos8-zen/gcc-8.5.0/gcc-10.2.0-45e5wvvp7hrukuqzrpcdzuzkwrpo2kil/libexec/gcc/x86_64-pc-linux-gnu/:/home/ronak/dyninst-experiments/spack/opt/spack/linux-centos8-zen/gcc-8.5.0/gcc-10.2.0-45e5wvvp7hrukuqzrpcdzuzkwrpo2kil/lib/gcc/x86_64-pc-linux-gnu/10.2.0/:/home/ronak/dyninst-experiments/spack/opt/spack/linux-centos8-zen/gcc-8.5.0/gcc-10.2.0-45e5wvvp7hrukuqzrpcdzuzkwrpo2kil/lib/gcc/x86_64-pc-linux-gnu/]
  ignore line: [LIBRARY_PATH=/home/ronak/dyninst-experiments/spack/opt/spack/linux-centos8-zen/gcc-8.5.0/gcc-10.2.0-45e5wvvp7hrukuqzrpcdzuzkwrpo2kil/lib/gcc/x86_64-pc-linux-gnu/10.2.0/:/home/ronak/dyninst-experiments/spack/opt/spack/linux-centos8-zen/gcc-8.5.0/gcc-10.2.0-45e5wvvp7hrukuqzrpcdzuzkwrpo2kil/lib/gcc/x86_64-pc-linux-gnu/10.2.0/../../../../lib64/:/lib/../lib64/:/usr/lib/../lib64/:/home/ronak/dyninst-experiments/spack/opt/spack/linux-centos8-zen/gcc-8.5.0/gcc-10.2.0-45e5wvvp7hrukuqzrpcdzuzkwrpo2kil/lib/gcc/x86_64-pc-linux-gnu/10.2.0/../../../:/lib/:/usr/lib/]
  ignore line: [COLLECT_GCC_OPTIONS='-v' '-o' 'CMakeFiles/cmTC_b88f4.dir/CMakeCXXCompilerABI.cpp.o' '-c' '-shared-libgcc' '-mtune=generic' '-march=x86-64']
  ignore line: [Linking CXX executable cmTC_b88f4]
  ignore line: [/usr/bin/cmake -E cmake_link_script CMakeFiles/cmTC_b88f4.dir/link.txt --verbose=1]
  ignore line: [/home/ronak/dyninst-experiments/spack/opt/spack/linux-centos8-zen/gcc-8.5.0/gcc-10.2.0-45e5wvvp7hrukuqzrpcdzuzkwrpo2kil/bin/g++  -v CMakeFiles/cmTC_b88f4.dir/CMakeCXXCompilerABI.cpp.o -o cmTC_b88f4 ]
  ignore line: [Reading specs from /home/ronak/dyninst-experiments/spack/opt/spack/linux-centos8-zen/gcc-8.5.0/gcc-10.2.0-45e5wvvp7hrukuqzrpcdzuzkwrpo2kil/lib/gcc/x86_64-pc-linux-gnu/10.2.0/specs]
  ignore line: [COLLECT_GCC=/home/ronak/dyninst-experiments/spack/opt/spack/linux-centos8-zen/gcc-8.5.0/gcc-10.2.0-45e5wvvp7hrukuqzrpcdzuzkwrpo2kil/bin/g++]
  ignore line: [COLLECT_LTO_WRAPPER=/home/ronak/dyninst-experiments/spack/opt/spack/linux-centos8-zen/gcc-8.5.0/gcc-10.2.0-45e5wvvp7hrukuqzrpcdzuzkwrpo2kil/libexec/gcc/x86_64-pc-linux-gnu/10.2.0/lto-wrapper]
  ignore line: [Target: x86_64-pc-linux-gnu]
  ignore line: [Configured with: /tmp/ronak/spack-stage/spack-stage-gcc-10.2.0-45e5wvvp7hrukuqzrpcdzuzkwrpo2kil/spack-src/configure --prefix=/home/ronak/dyninst-experiments/spack/opt/spack/linux-centos8-zen/gcc-8.5.0/gcc-10.2.0-45e5wvvp7hrukuqzrpcdzuzkwrpo2kil --with-pkgversion='Spack GCC' --with-bugurl=https://github.com/spack/spack/issues --disable-multilib --enable-languages=c c++ fortran --disable-nls --disable-canonical-system-headers --with-system-zlib --with-zstd-include=/home/ronak/dyninst-experiments/spack/opt/spack/linux-centos8-zen/gcc-8.5.0/zstd-1.5.2-tsp567qnxyykerfmclyj4wcsz26latzw/include --with-zstd-lib=/home/ronak/dyninst-experiments/spack/opt/spack/linux-centos8-zen/gcc-8.5.0/zstd-1.5.2-tsp567qnxyykerfmclyj4wcsz26latzw/lib --enable-bootstrap --with-mpfr-include=/home/ronak/dyninst-experiments/spack/opt/spack/linux-centos8-zen/gcc-8.5.0/mpfr-4.1.0-f3zq6koo6vfl5ngnwftqo4fi5w5zet3p/include --with-mpfr-lib=/home/ronak/dyninst-experiments/spack/opt/spack/linux-centos8-zen/gcc-8.5.0/mpfr-4.1.0-f3zq6koo6vfl5ngnwftqo4fi5w5zet3p/lib --with-gmp-include=/home/ronak/dyninst-experiments/spack/opt/spack/linux-centos8-zen/gcc-8.5.0/gmp-6.2.1-wy2vtmjvq7e56upskuhilpno2mzwc4rc/include --with-gmp-lib=/home/ronak/dyninst-experiments/spack/opt/spack/linux-centos8-zen/gcc-8.5.0/gmp-6.2.1-wy2vtmjvq7e56upskuhilpno2mzwc4rc/lib --with-mpc-include=/home/ronak/dyninst-experiments/spack/opt/spack/linux-centos8-zen/gcc-8.5.0/mpc-1.2.1-zg7f2yjyde5hdcyir4nthxavn4yxh7fe/include --with-mpc-lib=/home/ronak/dyninst-experiments/spack/opt/spack/linux-centos8-zen/gcc-8.5.0/mpc-1.2.1-zg7f2yjyde5hdcyir4nthxavn4yxh7fe/lib --without-isl --with-stage1-ldflags='-Wl -rpath /home/ronak/dyninst-experiments/spack/opt/spack/linux-centos8-zen/gcc-8.5.0/gcc-10.2.0-45e5wvvp7hrukuqzrpcdzuzkwrpo2kil/lib -Wl -rpath /home/ronak/dyninst-experiments/spack/opt/spack/linux-centos8-zen/gcc-8.5.0/gcc-10.2.0-45e5wvvp7hrukuqzrpcdzuzkwrpo2kil/lib64 -Wl -rpath /home/ronak/dyninst-experiments/spack/opt/spack/linux-centos8-zen/gcc-8.5.0/gmp-6.2.1-wy2vtmjvq7e56upskuhilpno2mzwc4rc/lib -Wl -rpath /home/ronak/dyninst-experiments/spack/opt/spack/linux-centos8-zen/gcc-8.5.0/mpc-1.2.1-zg7f2yjyde5hdcyir4nthxavn4yxh7fe/lib -Wl -rpath /home/ronak/dyninst-experiments/spack/opt/spack/linux-centos8-zen/gcc-8.5.0/mpfr-4.1.0-f3zq6koo6vfl5ngnwftqo4fi5w5zet3p/lib -Wl -rpath /home/ronak/dyninst-experiments/spack/opt/spack/linux-centos8-zen/gcc-8.5.0/zlib-1.2.13-l4tjcws5yisqclhch5as7a7joku7elub/lib -Wl -rpath /home/ronak/dyninst-experiments/spack/opt/spack/linux-centos8-zen/gcc-8.5.0/zstd-1.5.2-tsp567qnxyykerfmclyj4wcsz26latzw/lib' --with-boot-ldflags='-Wl -rpath /home/ronak/dyninst-experiments/spack/opt/spack/linux-centos8-zen/gcc-8.5.0/gcc-10.2.0-45e5wvvp7hrukuqzrpcdzuzkwrpo2kil/lib -Wl -rpath /home/ronak/dyninst-experiments/spack/opt/spack/linux-centos8-zen/gcc-8.5.0/gcc-10.2.0-45e5wvvp7hrukuqzrpcdzuzkwrpo2kil/lib64 -Wl -rpath /home/ronak/dyninst-experiments/spack/opt/spack/linux-centos8-zen/gcc-8.5.0/gmp-6.2.1-wy2vtmjvq7e56upskuhilpno2mzwc4rc/lib -Wl -rpath /home/ronak/dyninst-experiments/spack/opt/spack/linux-centos8-zen/gcc-8.5.0/mpc-1.2.1-zg7f2yjyde5hdcyir4nthxavn4yxh7fe/lib -Wl -rpath /home/ronak/dyninst-experiments/spack/opt/spack/linux-centos8-zen/gcc-8.5.0/mpfr-4.1.0-f3zq6koo6vfl5ngnwftqo4fi5w5zet3p/lib -Wl -rpath /home/ronak/dyninst-experiments/spack/opt/spack/linux-centos8-zen/gcc-8.5.0/zlib-1.2.13-l4tjcws5yisqclhch5as7a7joku7elub/lib -Wl -rpath /home/ronak/dyninst-experiments/spack/opt/spack/linux-centos8-zen/gcc-8.5.0/zstd-1.5.2-tsp567qnxyykerfmclyj4wcsz26latzw/lib -static-libstdc++ -static-libgcc' --with-build-config=spack]
  ignore line: [Thread model: posix]
  ignore line: [Supported LTO compression algorithms: zlib zstd]
  ignore line: [gcc version 10.2.0 (Spack GCC) ]
  ignore line: [COMPILER_PATH=/home/ronak/dyninst-experiments/spack/opt/spack/linux-centos8-zen/gcc-8.5.0/gcc-10.2.0-45e5wvvp7hrukuqzrpcdzuzkwrpo2kil/libexec/gcc/x86_64-pc-linux-gnu/10.2.0/:/home/ronak/dyninst-experiments/spack/opt/spack/linux-centos8-zen/gcc-8.5.0/gcc-10.2.0-45e5wvvp7hrukuqzrpcdzuzkwrpo2kil/libexec/gcc/x86_64-pc-linux-gnu/10.2.0/:/home/ronak/dyninst-experiments/spack/opt/spack/linux-centos8-zen/gcc-8.5.0/gcc-10.2.0-45e5wvvp7hrukuqzrpcdzuzkwrpo2kil/libexec/gcc/x86_64-pc-linux-gnu/:/home/ronak/dyninst-experiments/spack/opt/spack/linux-centos8-zen/gcc-8.5.0/gcc-10.2.0-45e5wvvp7hrukuqzrpcdzuzkwrpo2kil/lib/gcc/x86_64-pc-linux-gnu/10.2.0/:/home/ronak/dyninst-experiments/spack/opt/spack/linux-centos8-zen/gcc-8.5.0/gcc-10.2.0-45e5wvvp7hrukuqzrpcdzuzkwrpo2kil/lib/gcc/x86_64-pc-linux-gnu/]
  ignore line: [LIBRARY_PATH=/home/ronak/dyninst-experiments/spack/opt/spack/linux-centos8-zen/gcc-8.5.0/gcc-10.2.0-45e5wvvp7hrukuqzrpcdzuzkwrpo2kil/lib/gcc/x86_64-pc-linux-gnu/10.2.0/:/home/ronak/dyninst-experiments/spack/opt/spack/linux-centos8-zen/gcc-8.5.0/gcc-10.2.0-45e5wvvp7hrukuqzrpcdzuzkwrpo2kil/lib/gcc/x86_64-pc-linux-gnu/10.2.0/../../../../lib64/:/lib/../lib64/:/usr/lib/../lib64/:/home/ronak/dyninst-experiments/spack/opt/spack/linux-centos8-zen/gcc-8.5.0/gcc-10.2.0-45e5wvvp7hrukuqzrpcdzuzkwrpo2kil/lib/gcc/x86_64-pc-linux-gnu/10.2.0/../../../:/lib/:/usr/lib/]
  ignore line: [COLLECT_GCC_OPTIONS='-v' '-o' 'cmTC_b88f4' '-shared-libgcc' '-mtune=generic' '-march=x86-64']
  link line: [ /home/ronak/dyninst-experiments/spack/opt/spack/linux-centos8-zen/gcc-8.5.0/gcc-10.2.0-45e5wvvp7hrukuqzrpcdzuzkwrpo2kil/libexec/gcc/x86_64-pc-linux-gnu/10.2.0/collect2 -plugin /home/ronak/dyninst-experiments/spack/opt/spack/linux-centos8-zen/gcc-8.5.0/gcc-10.2.0-45e5wvvp7hrukuqzrpcdzuzkwrpo2kil/libexec/gcc/x86_64-pc-linux-gnu/10.2.0/liblto_plugin.so -plugin-opt=/home/ronak/dyninst-experiments/spack/opt/spack/linux-centos8-zen/gcc-8.5.0/gcc-10.2.0-45e5wvvp7hrukuqzrpcdzuzkwrpo2kil/libexec/gcc/x86_64-pc-linux-gnu/10.2.0/lto-wrapper -plugin-opt=-fresolution=/tmp/ccGP1O0P.res -plugin-opt=-pass-through=-lgcc_s -plugin-opt=-pass-through=-lgcc -plugin-opt=-pass-through=-lc -plugin-opt=-pass-through=-lgcc_s -plugin-opt=-pass-through=-lgcc --eh-frame-hdr -m elf_x86_64 -dynamic-linker /lib64/ld-linux-x86-64.so.2 -o cmTC_b88f4 /lib/../lib64/crt1.o /lib/../lib64/crti.o /home/ronak/dyninst-experiments/spack/opt/spack/linux-centos8-zen/gcc-8.5.0/gcc-10.2.0-45e5wvvp7hrukuqzrpcdzuzkwrpo2kil/lib/gcc/x86_64-pc-linux-gnu/10.2.0/crtbegin.o -rpath /home/ronak/dyninst-experiments/spack/opt/spack/linux-centos8-zen/gcc-8.5.0/gcc-10.2.0-45e5wvvp7hrukuqzrpcdzuzkwrpo2kil/lib64 -L/home/ronak/dyninst-experiments/spack/opt/spack/linux-centos8-zen/gcc-8.5.0/gcc-10.2.0-45e5wvvp7hrukuqzrpcdzuzkwrpo2kil/lib/gcc/x86_64-pc-linux-gnu/10.2.0 -L/home/ronak/dyninst-experiments/spack/opt/spack/linux-centos8-zen/gcc-8.5.0/gcc-10.2.0-45e5wvvp7hrukuqzrpcdzuzkwrpo2kil/lib/gcc/x86_64-pc-linux-gnu/10.2.0/../../../../lib64 -L/lib/../lib64 -L/usr/lib/../lib64 -L/home/ronak/dyninst-experiments/spack/opt/spack/linux-centos8-zen/gcc-8.5.0/gcc-10.2.0-45e5wvvp7hrukuqzrpcdzuzkwrpo2kil/lib/gcc/x86_64-pc-linux-gnu/10.2.0/../../.. CMakeFiles/cmTC_b88f4.dir/CMakeCXXCompilerABI.cpp.o -lstdc++ -lm -lgcc_s -lgcc -lc -lgcc_s -lgcc /home/ronak/dyninst-experiments/spack/opt/spack/linux-centos8-zen/gcc-8.5.0/gcc-10.2.0-45e5wvvp7hrukuqzrpcdzuzkwrpo2kil/lib/gcc/x86_64-pc-linux-gnu/10.2.0/crtend.o /lib/../lib64/crtn.o]
    arg [/home/ronak/dyninst-experiments/spack/opt/spack/linux-centos8-zen/gcc-8.5.0/gcc-10.2.0-45e5wvvp7hrukuqzrpcdzuzkwrpo2kil/libexec/gcc/x86_64-pc-linux-gnu/10.2.0/collect2] ==> ignore
    arg [-plugin] ==> ignore
    arg [/home/ronak/dyninst-experiments/spack/opt/spack/linux-centos8-zen/gcc-8.5.0/gcc-10.2.0-45e5wvvp7hrukuqzrpcdzuzkwrpo2kil/libexec/gcc/x86_64-pc-linux-gnu/10.2.0/liblto_plugin.so] ==> ignore
    arg [-plugin-opt=/home/ronak/dyninst-experiments/spack/opt/spack/linux-centos8-zen/gcc-8.5.0/gcc-10.2.0-45e5wvvp7hrukuqzrpcdzuzkwrpo2kil/libexec/gcc/x86_64-pc-linux-gnu/10.2.0/lto-wrapper] ==> ignore
    arg [-plugin-opt=-fresolution=/tmp/ccGP1O0P.res] ==> ignore
    arg [-plugin-opt=-pass-through=-lgcc_s] ==> ignore
    arg [-plugin-opt=-pass-through=-lgcc] ==> ignore
    arg [-plugin-opt=-pass-through=-lc] ==> ignore
    arg [-plugin-opt=-pass-through=-lgcc_s] ==> ignore
    arg [-plugin-opt=-pass-through=-lgcc] ==> ignore
    arg [--eh-frame-hdr] ==> ignore
    arg [-m] ==> ignore
    arg [elf_x86_64] ==> ignore
    arg [-dynamic-linker] ==> ignore
    arg [/lib64/ld-linux-x86-64.so.2] ==> ignore
    arg [-o] ==> ignore
    arg [cmTC_b88f4] ==> ignore
    arg [/lib/../lib64/crt1.o] ==> obj [/lib/../lib64/crt1.o]
    arg [/lib/../lib64/crti.o] ==> obj [/lib/../lib64/crti.o]
    arg [/home/ronak/dyninst-experiments/spack/opt/spack/linux-centos8-zen/gcc-8.5.0/gcc-10.2.0-45e5wvvp7hrukuqzrpcdzuzkwrpo2kil/lib/gcc/x86_64-pc-linux-gnu/10.2.0/crtbegin.o] ==> obj [/home/ronak/dyninst-experiments/spack/opt/spack/linux-centos8-zen/gcc-8.5.0/gcc-10.2.0-45e5wvvp7hrukuqzrpcdzuzkwrpo2kil/lib/gcc/x86_64-pc-linux-gnu/10.2.0/crtbegin.o]
    arg [-rpath] ==> ignore
    arg [/home/ronak/dyninst-experiments/spack/opt/spack/linux-centos8-zen/gcc-8.5.0/gcc-10.2.0-45e5wvvp7hrukuqzrpcdzuzkwrpo2kil/lib64] ==> ignore
    arg [-L/home/ronak/dyninst-experiments/spack/opt/spack/linux-centos8-zen/gcc-8.5.0/gcc-10.2.0-45e5wvvp7hrukuqzrpcdzuzkwrpo2kil/lib/gcc/x86_64-pc-linux-gnu/10.2.0] ==> dir [/home/ronak/dyninst-experiments/spack/opt/spack/linux-centos8-zen/gcc-8.5.0/gcc-10.2.0-45e5wvvp7hrukuqzrpcdzuzkwrpo2kil/lib/gcc/x86_64-pc-linux-gnu/10.2.0]
    arg [-L/home/ronak/dyninst-experiments/spack/opt/spack/linux-centos8-zen/gcc-8.5.0/gcc-10.2.0-45e5wvvp7hrukuqzrpcdzuzkwrpo2kil/lib/gcc/x86_64-pc-linux-gnu/10.2.0/../../../../lib64] ==> dir [/home/ronak/dyninst-experiments/spack/opt/spack/linux-centos8-zen/gcc-8.5.0/gcc-10.2.0-45e5wvvp7hrukuqzrpcdzuzkwrpo2kil/lib/gcc/x86_64-pc-linux-gnu/10.2.0/../../../../lib64]
    arg [-L/lib/../lib64] ==> dir [/lib/../lib64]
    arg [-L/usr/lib/../lib64] ==> dir [/usr/lib/../lib64]
    arg [-L/home/ronak/dyninst-experiments/spack/opt/spack/linux-centos8-zen/gcc-8.5.0/gcc-10.2.0-45e5wvvp7hrukuqzrpcdzuzkwrpo2kil/lib/gcc/x86_64-pc-linux-gnu/10.2.0/../../..] ==> dir [/home/ronak/dyninst-experiments/spack/opt/spack/linux-centos8-zen/gcc-8.5.0/gcc-10.2.0-45e5wvvp7hrukuqzrpcdzuzkwrpo2kil/lib/gcc/x86_64-pc-linux-gnu/10.2.0/../../..]
    arg [CMakeFiles/cmTC_b88f4.dir/CMakeCXXCompilerABI.cpp.o] ==> ignore
    arg [-lstdc++] ==> lib [stdc++]
    arg [-lm] ==> lib [m]
    arg [-lgcc_s] ==> lib [gcc_s]
    arg [-lgcc] ==> lib [gcc]
    arg [-lc] ==> lib [c]
    arg [-lgcc_s] ==> lib [gcc_s]
    arg [-lgcc] ==> lib [gcc]
    arg [/home/ronak/dyninst-experiments/spack/opt/spack/linux-centos8-zen/gcc-8.5.0/gcc-10.2.0-45e5wvvp7hrukuqzrpcdzuzkwrpo2kil/lib/gcc/x86_64-pc-linux-gnu/10.2.0/crtend.o] ==> obj [/home/ronak/dyninst-experiments/spack/opt/spack/linux-centos8-zen/gcc-8.5.0/gcc-10.2.0-45e5wvvp7hrukuqzrpcdzuzkwrpo2kil/lib/gcc/x86_64-pc-linux-gnu/10.2.0/crtend.o]
    arg [/lib/../lib64/crtn.o] ==> obj [/lib/../lib64/crtn.o]
  collapse obj [/lib/../lib64/crt1.o] ==> [/lib64/crt1.o]
  collapse obj [/lib/../lib64/crti.o] ==> [/lib64/crti.o]
  collapse obj [/lib/../lib64/crtn.o] ==> [/lib64/crtn.o]
  collapse library dir [/home/ronak/dyninst-experiments/spack/opt/spack/linux-centos8-zen/gcc-8.5.0/gcc-10.2.0-45e5wvvp7hrukuqzrpcdzuzkwrpo2kil/lib/gcc/x86_64-pc-linux-gnu/10.2.0] ==> [/home/ronak/dyninst-experiments/spack/opt/spack/linux-centos8-zen/gcc-8.5.0/gcc-10.2.0-45e5wvvp7hrukuqzrpcdzuzkwrpo2kil/lib/gcc/x86_64-pc-linux-gnu/10.2.0]
  collapse library dir [/home/ronak/dyninst-experiments/spack/opt/spack/linux-centos8-zen/gcc-8.5.0/gcc-10.2.0-45e5wvvp7hrukuqzrpcdzuzkwrpo2kil/lib/gcc/x86_64-pc-linux-gnu/10.2.0/../../../../lib64] ==> [/home/ronak/dyninst-experiments/spack/opt/spack/linux-centos8-zen/gcc-8.5.0/gcc-10.2.0-45e5wvvp7hrukuqzrpcdzuzkwrpo2kil/lib64]
  collapse library dir [/lib/../lib64] ==> [/lib64]
  collapse library dir [/usr/lib/../lib64] ==> [/usr/lib64]
  collapse library dir [/home/ronak/dyninst-experiments/spack/opt/spack/linux-centos8-zen/gcc-8.5.0/gcc-10.2.0-45e5wvvp7hrukuqzrpcdzuzkwrpo2kil/lib/gcc/x86_64-pc-linux-gnu/10.2.0/../../..] ==> [/home/ronak/dyninst-experiments/spack/opt/spack/linux-centos8-zen/gcc-8.5.0/gcc-10.2.0-45e5wvvp7hrukuqzrpcdzuzkwrpo2kil/lib]
  implicit libs: [stdc++;m;gcc_s;gcc;c;gcc_s;gcc]
  implicit objs: [/lib64/crt1.o;/lib64/crti.o;/home/ronak/dyninst-experiments/spack/opt/spack/linux-centos8-zen/gcc-8.5.0/gcc-10.2.0-45e5wvvp7hrukuqzrpcdzuzkwrpo2kil/lib/gcc/x86_64-pc-linux-gnu/10.2.0/crtbegin.o;/home/ronak/dyninst-experiments/spack/opt/spack/linux-centos8-zen/gcc-8.5.0/gcc-10.2.0-45e5wvvp7hrukuqzrpcdzuzkwrpo2kil/lib/gcc/x86_64-pc-linux-gnu/10.2.0/crtend.o;/lib64/crtn.o]
  implicit dirs: [/home/ronak/dyninst-experiments/spack/opt/spack/linux-centos8-zen/gcc-8.5.0/gcc-10.2.0-45e5wvvp7hrukuqzrpcdzuzkwrpo2kil/lib/gcc/x86_64-pc-linux-gnu/10.2.0;/home/ronak/dyninst-experiments/spack/opt/spack/linux-centos8-zen/gcc-8.5.0/gcc-10.2.0-45e5wvvp7hrukuqzrpcdzuzkwrpo2kil/lib64;/lib64;/usr/lib64;/home/ronak/dyninst-experiments/spack/opt/spack/linux-centos8-zen/gcc-8.5.0/gcc-10.2.0-45e5wvvp7hrukuqzrpcdzuzkwrpo2kil/lib]
  implicit fwks: []


